2025-11-01 23:11:35,082 - werkzeug - INFO - [31m[1mWARNING: This is a development server. Do not use it in a production deployment. Use a production WSGI server instead.[0m
 * Running on http://127.0.0.1:5000
2025-11-01 23:11:35,082 - werkzeug - INFO - [33mPress CTRL+C to quit[0m
2025-11-01 23:11:35,083 - werkzeug - INFO -  * Restarting with stat
2025-11-01 23:11:35,440 - werkzeug - WARNING -  * Debugger is active!
2025-11-01 23:11:35,442 - werkzeug - INFO -  * Debugger PIN: 905-167-372
2025-11-01 23:11:45,126 - werkzeug - INFO - 127.0.0.1 - - [01/Nov/2025 23:11:45] "OPTIONS /api/chat/send HTTP/1.1" 200 -
2025-11-01 23:11:45,390 - root - INFO - 请求开始 | ID: 14da88967afb4432 | IP: 127.0.0.1 | 端点: 发送聊天消息 | 方法: POST
2025-11-01 23:11:45,393 - werkzeug - INFO - 127.0.0.1 - - [01/Nov/2025 23:11:45] "POST /api/chat/send HTTP/1.1" 200 -
2025-11-01 23:28:12,857 - werkzeug - INFO - [31m[1mWARNING: This is a development server. Do not use it in a production deployment. Use a production WSGI server instead.[0m
 * Running on http://127.0.0.1:5000
2025-11-01 23:28:12,857 - werkzeug - INFO - [33mPress CTRL+C to quit[0m
2025-11-01 23:28:12,859 - werkzeug - INFO -  * Restarting with stat
2025-11-01 23:28:13,213 - werkzeug - WARNING -  * Debugger is active!
2025-11-01 23:28:13,215 - werkzeug - INFO -  * Debugger PIN: 905-167-372
2025-11-01 23:28:16,820 - werkzeug - INFO - 127.0.0.1 - - [01/Nov/2025 23:28:16] "OPTIONS /api/auth/register HTTP/1.1" 200 -
2025-11-01 23:28:17,081 - root - INFO - 请求开始 | ID: 14d9cfca11c6b636 | IP: 127.0.0.1 | 端点: 用户注册 | 方法: POST
2025-11-01 23:28:17,336 - werkzeug - INFO - 127.0.0.1 - - [01/Nov/2025 23:28:17] "[35m[1mPOST /api/auth/register HTTP/1.1[0m" 500 -
2025-11-01 23:31:53,434 - werkzeug - INFO -  * Detected change in 'c:\\Users\\栗子\\Desktop\\qiling2\\example_usage.py', reloading
2025-11-01 23:31:53,451 - werkzeug - INFO -  * Restarting with stat
2025-11-01 23:48:00,701 - werkzeug - INFO - [31m[1mWARNING: This is a development server. Do not use it in a production deployment. Use a production WSGI server instead.[0m
 * Running on http://127.0.0.1:5000
2025-11-01 23:48:00,702 - werkzeug - INFO - [33mPress CTRL+C to quit[0m
2025-11-01 23:48:00,703 - werkzeug - INFO -  * Restarting with stat
2025-11-01 23:48:01,060 - werkzeug - WARNING -  * Debugger is active!
2025-11-01 23:48:01,064 - werkzeug - INFO -  * Debugger PIN: 905-167-372
2025-11-01 23:48:46,435 - werkzeug - INFO - 127.0.0.1 - - [01/Nov/2025 23:48:46] "OPTIONS /api/auth/register HTTP/1.1" 200 -
2025-11-01 23:48:46,700 - root - INFO - 请求开始 | ID: e523c56f8a68bd58 | IP: 127.0.0.1 | 端点: 用户注册 | 方法: POST
2025-11-01 23:48:46,993 - werkzeug - INFO - 127.0.0.1 - - [01/Nov/2025 23:48:46] "POST /api/auth/register HTTP/1.1" 200 -
2025-11-01 23:56:41,684 - werkzeug - INFO - 127.0.0.1 - - [01/Nov/2025 23:56:41] "OPTIONS /api/auth/register HTTP/1.1" 200 -
2025-11-01 23:56:41,948 - root - INFO - 请求开始 | ID: 2d0975bb252d18b5 | IP: 127.0.0.1 | 端点: 用户注册 | 方法: POST
2025-11-01 23:56:42,247 - werkzeug - INFO - 127.0.0.1 - - [01/Nov/2025 23:56:42] "POST /api/auth/register HTTP/1.1" 200 -
2025-11-02 00:02:21,832 - werkzeug - INFO - 127.0.0.1 - - [02/Nov/2025 00:02:21] "OPTIONS /api/auth/login HTTP/1.1" 200 -
2025-11-02 00:02:22,094 - root - INFO - 请求开始 | ID: 91bc37a009d564f0 | IP: 127.0.0.1 | 端点: 用户登录 | 方法: POST
2025-11-02 00:02:22,305 - werkzeug - INFO - 127.0.0.1 - - [02/Nov/2025 00:02:22] "POST /api/auth/login HTTP/1.1" 200 -
2025-11-02 00:30:45,898 - werkzeug - INFO -  * Detected change in 'c:\\Users\\栗子\\Desktop\\qiling2\\flask_qiling\\app.py', reloading
2025-11-02 00:30:45,917 - werkzeug - INFO -  * Restarting with stat
2025-11-02 00:30:46,314 - werkzeug - WARNING -  * Debugger is active!
2025-11-02 00:30:46,317 - werkzeug - INFO -  * Debugger PIN: 905-167-372
2025-11-02 00:45:52,000 - werkzeug - INFO -  * Detected change in 'c:\\Users\\栗子\\Desktop\\qiling2\\flask_qiling\\app.py', reloading
2025-11-02 00:45:52,017 - werkzeug - INFO -  * Restarting with stat
2025-11-02 00:45:52,384 - werkzeug - WARNING -  * Debugger is active!
2025-11-02 00:45:52,387 - werkzeug - INFO -  * Debugger PIN: 905-167-372
2025-11-02 00:47:39,247 - werkzeug - INFO - 127.0.0.1 - - [02/Nov/2025 00:47:39] "OPTIONS /api/auth/login HTTP/1.1" 200 -
2025-11-02 00:47:39,496 - root - INFO - 请求开始 | ID: 9d7124683c785ad6 | IP: 127.0.0.1 | 端点: 用户登录 | 方法: POST
2025-11-02 00:47:39,701 - werkzeug - INFO - 127.0.0.1 - - [02/Nov/2025 00:47:39] "POST /api/auth/login HTTP/1.1" 200 -
2025-11-02 01:00:13,660 - werkzeug - INFO - 127.0.0.1 - - [02/Nov/2025 01:00:13] "OPTIONS /api/auth/login HTTP/1.1" 200 -
2025-11-02 01:00:13,921 - root - INFO - 请求开始 | ID: ae986bc46f690a16 | IP: 127.0.0.1 | 端点: 用户登录 | 方法: POST
2025-11-02 01:00:14,145 - werkzeug - INFO - 127.0.0.1 - - [02/Nov/2025 01:00:14] "POST /api/auth/login HTTP/1.1" 200 -
2025-11-02 01:03:02,366 - werkzeug - INFO - 127.0.0.1 - - [02/Nov/2025 01:03:02] "OPTIONS /api/auth/login HTTP/1.1" 200 -
2025-11-02 01:03:02,633 - root - INFO - 请求开始 | ID: 80e2247e027feb5a | IP: 127.0.0.1 | 端点: 用户登录 | 方法: POST
2025-11-02 01:03:02,875 - werkzeug - INFO - 127.0.0.1 - - [02/Nov/2025 01:03:02] "POST /api/auth/login HTTP/1.1" 200 -
2025-11-02 01:09:04,302 - werkzeug - INFO - 127.0.0.1 - - [02/Nov/2025 01:09:04] "OPTIONS /api/auth/login HTTP/1.1" 200 -
2025-11-02 01:09:04,549 - root - INFO - 请求开始 | ID: edd8dbbed73d13a6 | IP: 127.0.0.1 | 端点: 用户登录 | 方法: POST
2025-11-02 01:09:04,762 - werkzeug - INFO - 127.0.0.1 - - [02/Nov/2025 01:09:04] "POST /api/auth/login HTTP/1.1" 200 -
2025-11-02 01:15:09,358 - werkzeug - INFO - 127.0.0.1 - - [02/Nov/2025 01:15:09] "OPTIONS /api/auth/login HTTP/1.1" 200 -
2025-11-02 01:15:09,619 - root - INFO - 请求开始 | ID: ae39df1c02dafd36 | IP: 127.0.0.1 | 端点: 用户登录 | 方法: POST
2025-11-02 01:15:09,847 - werkzeug - INFO - 127.0.0.1 - - [02/Nov/2025 01:15:09] "POST /api/auth/login HTTP/1.1" 200 -
2025-11-02 01:15:33,769 - werkzeug - INFO - 127.0.0.1 - - [02/Nov/2025 01:15:33] "OPTIONS /api/chat/send HTTP/1.1" 200 -
2025-11-02 01:15:34,079 - root - INFO - 请求开始 | ID: a8a84255e2e8f6c8 | IP: 127.0.0.1 | 端点: 发送聊天消息 | 方法: POST
2025-11-02 01:15:34,081 - werkzeug - INFO - 127.0.0.1 - - [02/Nov/2025 01:15:34] "POST /api/chat/send HTTP/1.1" 200 -
2025-11-02 01:15:44,924 - werkzeug - INFO - 127.0.0.1 - - [02/Nov/2025 01:15:44] "OPTIONS /api/chat/send HTTP/1.1" 200 -
2025-11-02 01:15:45,235 - root - INFO - 请求开始 | ID: 1e4f1286bc4cda6d | IP: 127.0.0.1 | 端点: 发送聊天消息 | 方法: POST
2025-11-02 01:15:45,235 - werkzeug - INFO - 127.0.0.1 - - [02/Nov/2025 01:15:45] "[31m[1mPOST /api/chat/send HTTP/1.1[0m" 401 -
2025-11-02 01:16:45,937 - werkzeug - INFO - 127.0.0.1 - - [02/Nov/2025 01:16:45] "OPTIONS /api/chat/send HTTP/1.1" 200 -
2025-11-02 01:16:46,183 - root - INFO - 请求开始 | ID: c04a34dc70a1ef57 | IP: 127.0.0.1 | 端点: 发送聊天消息 | 方法: POST
2025-11-02 01:16:46,184 - werkzeug - INFO - 127.0.0.1 - - [02/Nov/2025 01:16:46] "[31m[1mPOST /api/chat/send HTTP/1.1[0m" 401 -
2025-11-02 01:17:18,996 - werkzeug - INFO - 127.0.0.1 - - [02/Nov/2025 01:17:18] "OPTIONS /api/auth/login HTTP/1.1" 200 -
2025-11-02 01:17:19,313 - root - INFO - 请求开始 | ID: 5c38017b3ddcbcef | IP: 127.0.0.1 | 端点: 用户登录 | 方法: POST
2025-11-02 01:17:19,583 - werkzeug - INFO - 127.0.0.1 - - [02/Nov/2025 01:17:19] "POST /api/auth/login HTTP/1.1" 200 -
2025-11-02 01:17:29,073 - werkzeug - INFO - 127.0.0.1 - - [02/Nov/2025 01:17:29] "OPTIONS /api/chat/send HTTP/1.1" 200 -
2025-11-02 01:17:29,386 - root - INFO - 请求开始 | ID: 01e300a8f02f361e | IP: 127.0.0.1 | 端点: 发送聊天消息 | 方法: POST
2025-11-02 01:17:29,387 - werkzeug - INFO - 127.0.0.1 - - [02/Nov/2025 01:17:29] "POST /api/chat/send HTTP/1.1" 200 -
2025-11-03 20:52:56,638 - root - ERROR - 大模型客户端初始化失败: AI_STUDIO_API_KEY 环境变量未设置
2025-11-03 20:57:44,459 - root - INFO - 请求开始 | ID: 631040afb1e34640 | 端点: 图片上传 | 方法: GET/POST
2025-11-03 20:57:44,460 - root - INFO - 接收到图片上传请求:
2025-11-03 20:57:44,460 - root - INFO -   图片文件名: 1.png
2025-11-03 20:57:44,460 - root - INFO -   图片文件大小: 2087059 bytes
2025-11-03 20:57:44,460 - root - INFO -   图片内容类型: image/png
2025-11-03 20:57:44,460 - root - INFO -   描述: '这是什么文物？'
2025-11-03 20:57:44,460 - root - INFO -   用户ID: unknown
2025-11-03 20:59:15,427 - root - ERROR - 大模型客户端初始化失败: AI_STUDIO_API_KEY 环境变量未设置
2025-11-03 20:59:19,388 - root - INFO - 请求开始 | ID: 045d81596a544d2d | 端点: 图片上传 | 方法: GET/POST
2025-11-03 20:59:19,388 - root - INFO - 接收到图片上传请求:
2025-11-03 20:59:19,388 - root - INFO -   图片文件名: 1.png
2025-11-03 20:59:19,388 - root - INFO -   图片文件大小: 2087059 bytes
2025-11-03 20:59:19,388 - root - INFO -   图片内容类型: image/png
2025-11-03 20:59:19,388 - root - INFO -   描述: '这是什么文物？'
2025-11-03 20:59:19,388 - root - INFO -   用户ID: unknown
2025-11-03 20:59:19,390 - root - WARNING - 大模型客户端未初始化，使用默认响应
2025-11-03 21:00:02,674 - root - INFO - 请求开始 | ID: 9fe5708f93cf4a96 | 端点: 图片上传 | 方法: GET/POST
2025-11-03 21:00:02,674 - root - INFO - 接收到图片上传请求:
2025-11-03 21:00:02,674 - root - INFO -   图片文件名: 1.png
2025-11-03 21:00:02,674 - root - INFO -   图片文件大小: 2087059 bytes
2025-11-03 21:00:02,674 - root - INFO -   图片内容类型: image/png
2025-11-03 21:00:02,675 - root - INFO -   描述: '这是什么文物？'
2025-11-03 21:00:02,675 - root - INFO -   用户ID: unknown
2025-11-03 21:00:02,678 - root - WARNING - 大模型客户端未初始化，使用默认响应
2025-11-03 21:01:06,474 - root - INFO - 大模型客户端初始化成功
2025-11-03 21:01:14,696 - root - INFO - 请求开始 | ID: 078d202bc35e423b | 端点: 图片上传 | 方法: GET/POST
2025-11-03 21:01:14,696 - root - INFO - 接收到图片上传请求:
2025-11-03 21:01:14,697 - root - INFO -   图片文件名: 1.png
2025-11-03 21:01:14,697 - root - INFO -   图片文件大小: 2087059 bytes
2025-11-03 21:01:14,697 - root - INFO -   图片内容类型: image/png
2025-11-03 21:01:14,697 - root - INFO -   描述: '这是什么文物？'
2025-11-03 21:01:14,697 - root - INFO -   用户ID: unknown
2025-11-03 21:01:23,805 - root - INFO - 大模型响应: 这件文物是**后母戊鼎（原称司母戊鼎）**，是商朝后期的青铜器，大约在公元前十四世纪至前十一世纪之间铸造，因鼎腹内壁上铸有“后、母、戊”三个字而得名，现藏于中国国家博物馆《古代中国》基本陈列展厅内。

后母戊鼎通体高133厘米，口长110厘米，口宽79厘米，重达832.84公斤，是目前发现的中国古代最重的单体青铜礼器。其造型厚重典雅，气势宏大，纹饰上主次分明，顶面两条大鱼纹，足上铸蝉纹，图案线条清晰，非常具有艺术感染力。鼎身四周铸有精巧的盘龙纹和饕餮纹，增加了文物本身的威武凝重之感。饕餮是传说中喜欢吃各种食物的神兽，把它铸在青铜器上，表示吉祥、丰年足食。耳廓纹饰俗称虎咬人头纹，这种纹饰是在耳的左右作虎形，虎头绕到耳的上部张口相向，虎的中间有一人头，好像被虎所吞噬。耳的上面还有两尾鱼形。足上铸有蝉纹，图案线条清晰。

后母戊鼎的铸造过程，充分说明商代后期的青铜铸造不仅规模宏大，而且组织严密，分工细致，足以代表高度发达的商代青铜文化。2002年1月18日，后母戊鼎被国家文物局作为国家一级文物列入《首批禁止出境展览文物目录》。
2025-11-03 21:01:31,401 - root - INFO - 请求开始 | ID: ebd96e5244b34b2f | 端点: 用户登录 | 方法: GET/POST
2025-11-03 21:09:39,369 - root - INFO - 大模型客户端初始化成功
2025-11-03 21:10:08,843 - root - WARNING - 未授权的访问尝试: /api/send - 缺少UID
2025-11-03 21:20:49,384 - root - INFO - 请求开始 | ID: ff83f331f8df462f | 端点: 用户登录 | 方法: GET/POST
2025-11-03 21:23:23,968 - root - INFO - 请求开始 | ID: dbe8333528204a0f | 端点: 用户登录 | 方法: GET/POST
2025-11-03 21:25:02,097 - root - INFO - 请求开始 | ID: ab5ad9b432964e52 | 端点: 用户登录 | 方法: GET/POST
2025-11-03 21:27:46,296 - root - WARNING - 未授权的访问尝试: /api/send - 缺少UID
2025-11-03 21:28:11,454 - root - WARNING - 未授权的访问尝试: /api/send - 缺少UID
2025-11-03 21:36:08,853 - root - INFO - 大模型客户端初始化成功
2025-11-03 21:37:28,659 - root - WARNING - 未授权的访问尝试: /api/send - 缺少UID
2025-11-03 21:39:14,451 - root - INFO - 大模型客户端初始化成功
2025-11-03 21:39:23,669 - root - INFO - 请求开始 | ID: 69ebceaa504843ed | 端点: 图片上传 | 方法: GET/POST
2025-11-03 21:39:23,670 - root - INFO - 接收到图片上传请求:
2025-11-03 21:39:23,670 - root - INFO -   图片文件名: 1.png
2025-11-03 21:39:23,670 - root - INFO -   图片文件大小: 2087059 bytes
2025-11-03 21:39:23,670 - root - INFO -   图片内容类型: image/png
2025-11-03 21:39:23,670 - root - INFO -   描述: '这是什么文物？'
2025-11-03 21:39:23,671 - root - INFO -   用户ID: unknown
2025-11-03 21:39:32,072 - root - INFO - 大模型响应: 这件文物是**后母戊鼎（原称司母戊鼎）**，是中国商朝晚期的青铜器。它于1939年在河南省安阳市武官村出土，现藏于中国国家博物馆《古代中国》基本陈列展厅内。

后母戊鼎形制巨大，雄伟庄严，工艺精巧。鼎身四周铸有精巧的盘龙纹和饕餮纹，增加了文物本身的威武凝重之感。足上铸的蝉纹，图案表现蝉体，线条清晰。腹内壁铸有“后母戊”三字，字体笔势雄健，形体丰腴，是商王母亲的庙号。鼎耳上饰有一列双面浮雕式鱼纹，耳外侧则是浮雕式双虎食人首纹，足上铸有蝉纹，图案线条清晰具有十分鲜明的特色。

后母戊鼎的铸造过程，充分说明商代后期的青铜铸造不仅规模宏大，而且组织严密，分工细致，足以代表高度发达的商代青铜文化。2002年1月18日，后母戊鼎被国家文物局作为国家一级文物列入《首批禁止出境展览文物目录》。
2025-11-03 23:12:54,725 - root - INFO - 大模型客户端初始化成功
2025-11-03 23:13:39,252 - root - INFO - 请求开始 | ID: 721c4c9a670546da | 端点: 用户登录 | 方法: GET/POST
2025-11-03 23:13:39,488 - root - ERROR - 登录失败: 401: Invalid credentials
2025-11-03 23:14:04,929 - root - INFO - 请求开始 | ID: 452d7ce7b77347d5 | 端点: 用户注册 | 方法: GET/POST
2025-11-03 23:14:05,166 - root - ERROR - 注册失败: 500: Failed to register user
2025-11-03 23:27:41,131 - root - INFO - 大模型客户端初始化成功
2025-11-03 23:28:47,740 - root - INFO - 请求开始 | ID: 4b2e2f9f76964eda | 端点: 用户登录 | 方法: GET/POST
2025-11-03 23:28:47,947 - root - ERROR - 登录失败: 401: Invalid credentials
2025-11-03 23:29:35,037 - root - INFO - 请求开始 | ID: 326b15730f3e4adb | 端点: 用户注册 | 方法: GET/POST
2025-11-03 23:29:35,263 - root - ERROR - 注册失败: 409: Username or email already exists
2025-11-03 23:29:54,464 - root - INFO - 请求开始 | ID: 94a8465d0bfd4dbb | 端点: 用户注册 | 方法: GET/POST
2025-11-03 23:32:26,009 - root - INFO - 大模型客户端初始化成功
2025-11-03 23:32:35,831 - root - INFO - 请求开始 | ID: a909111c467147c1 | 端点: 用户登录 | 方法: GET/POST
2025-11-03 23:32:36,019 - root - ERROR - 登录失败: 401: 用户名不存在
2025-11-03 23:32:53,458 - root - INFO - 请求开始 | ID: 82ea101d41e141c4 | 端点: 用户登录 | 方法: GET/POST
2025-11-03 23:32:53,692 - root - ERROR - 登录失败: 401: 用户名不存在
2025-11-03 23:35:33,561 - root - INFO - 大模型客户端初始化成功
2025-11-03 23:35:37,492 - root - INFO - 请求开始 | ID: 9a3f04c78b6744a8 | 端点: 用户登录 | 方法: GET/POST
2025-11-03 23:38:26,430 - root - INFO - 请求开始 | ID: 8e40dba6114e4c3e | 端点: 用户登录 | 方法: GET/POST
2025-11-03 23:38:39,470 - root - INFO - 请求开始 | ID: a208cdbba27845f7 | 端点: 用户登录 | 方法: GET/POST
2025-11-03 23:38:58,108 - root - INFO - 请求开始 | ID: 1def9b16c8444949 | 端点: 用户注册 | 方法: GET/POST
2025-11-03 23:39:05,275 - root - INFO - 请求开始 | ID: a5a2fc83437440f2 | 端点: 用户登录 | 方法: GET/POST
2025-11-03 23:39:14,357 - root - INFO - 请求开始 | ID: 2c0765e0eb4e4de8 | 端点: 发送消息 | 方法: GET/POST
2025-11-03 23:51:12,785 - root - INFO - 大模型客户端初始化成功
2025-11-03 23:51:25,600 - root - INFO - 请求开始 | ID: 95598e0ad02a48d1 | 端点: 发送消息 | 方法: GET/POST
2025-11-03 23:53:37,773 - root - INFO - 请求开始 | ID: b92957c2417f42bf | 端点: 发送消息 | 方法: GET/POST
2025-11-03 23:54:41,949 - root - INFO - 请求开始 | ID: 7560c201786f4ec8 | 端点: 发送消息 | 方法: GET/POST
2025-11-03 23:55:14,178 - root - INFO - 请求开始 | ID: 3ef887d37f4449f9 | 端点: 发送消息 | 方法: GET/POST
2025-11-04 00:17:06,205 - root - INFO - 大模型客户端初始化成功
2025-11-04 00:17:22,921 - root - INFO - 大模型客户端初始化成功
2025-11-04 20:46:19,947 - root - INFO - 大模型客户端初始化成功
2025-11-04 20:46:46,286 - root - INFO - 请求开始 | ID: dd875c22653f43e7 | 端点: 发送消息 | 方法: GET/POST
2025-11-04 21:09:04,683 - root - INFO - 大模型客户端初始化成功
2025-11-04 21:09:41,980 - root - INFO - 大模型客户端初始化成功
2025-11-04 21:10:01,773 - root - INFO - 请求开始 | ID: c085368134644a69 | 端点: 发送消息 | 方法: GET/POST
2025-11-04 21:10:31,277 - root - INFO - 请求开始 | ID: e3073360b8f74b87 | 端点: 发送消息 | 方法: GET/POST
2025-11-04 21:12:08,532 - root - INFO - 请求开始 | ID: a5e6a23f8ad048e1 | 端点: 发送消息 | 方法: GET/POST
2025-11-04 21:12:27,841 - root - INFO - 请求开始 | ID: 3ca0de913586470c | 端点: 发送消息 | 方法: GET/POST
2025-11-04 21:35:14,891 - root - INFO - 大模型客户端初始化成功
2025-11-04 21:37:28,819 - root - INFO - 大模型客户端初始化成功
2025-11-04 21:37:32,498 - root - INFO - 请求开始 | ID: 7106254175db419a | 端点: 获取最新消息 | 方法: GET/POST
2025-11-04 21:37:43,682 - root - INFO - 请求开始 | ID: 3c20fd344c0a4f90 | 端点: 发送消息 | 方法: GET/POST
2025-11-04 21:38:08,502 - root - INFO - 请求开始 | ID: f18c410809a64d9f | 端点: 获取最新消息 | 方法: GET/POST
2025-11-04 21:42:50,016 - root - INFO - 大模型客户端初始化成功
2025-11-04 21:42:54,013 - root - INFO - 请求开始 | ID: a1458b0699fe4f43 | 端点: 获取最新消息 | 方法: GET/POST
2025-11-04 21:46:39,998 - root - INFO - 请求开始 | ID: c54766ddd3034b96 | 端点: 获取最新消息 | 方法: GET/POST
2025-11-04 21:46:40,190 - root - INFO - 请求开始 | ID: 4605745b73564a3a | 端点: 获取最新消息 | 方法: GET/POST
2025-11-04 21:46:40,424 - root - INFO - 请求开始 | ID: 470b9144f5a545a9 | 端点: 获取最新消息 | 方法: GET/POST
2025-11-04 21:47:02,285 - root - INFO - 请求开始 | ID: 0236c7dae8c84863 | 端点: 获取最新消息 | 方法: GET/POST
2025-11-04 21:58:11,449 - root - INFO - 大模型客户端初始化成功
2025-11-04 21:59:45,353 - root - INFO - 请求开始 | ID: 551fc049e81541e7 | 端点: 获取最新消息 | 方法: GET/POST
2025-11-04 21:59:59,795 - root - INFO - 请求开始 | ID: 63561561cfee45b4 | 端点: 获取最新消息 | 方法: GET/POST
2025-11-04 22:00:01,798 - root - INFO - 请求开始 | ID: 52d4858f1db44104 | 端点: 获取最新消息 | 方法: GET/POST
2025-11-04 22:04:31,009 - root - INFO - 请求开始 | ID: 9657b60ccd504b3b | 端点: 获取最新消息 | 方法: GET/POST
2025-11-04 22:04:31,247 - root - INFO - 请求开始 | ID: 4d0790790a97470b | 端点: 获取最新消息 | 方法: GET/POST
2025-11-04 22:04:31,470 - root - INFO - 请求开始 | ID: 8182120731ad4cc6 | 端点: 获取最新消息 | 方法: GET/POST
2025-11-04 22:05:24,612 - root - INFO - 大模型客户端初始化成功
2025-11-04 22:05:33,314 - root - INFO - 请求开始 | ID: e10cf0bb63804334 | 端点: 获取最新消息 | 方法: GET/POST
2025-11-04 22:05:40,402 - root - INFO - 请求开始 | ID: 819f95ce49294ca1 | 端点: 获取最新消息 | 方法: GET/POST
2025-11-04 22:06:25,681 - root - INFO - 请求开始 | ID: fceab48e52bc41c0 | 端点: 获取最新消息 | 方法: GET/POST
2025-11-04 22:06:25,877 - root - INFO - 请求开始 | ID: 243b2e0d67694d01 | 端点: 获取最新消息 | 方法: GET/POST
2025-11-04 22:06:26,072 - root - INFO - 请求开始 | ID: 22025d14e5c14f07 | 端点: 获取最新消息 | 方法: GET/POST
2025-11-04 22:06:26,261 - root - INFO - 请求开始 | ID: c40a8c5097f64dca | 端点: 获取最新消息 | 方法: GET/POST
2025-11-04 22:06:46,844 - root - INFO - 请求开始 | ID: 84832172ec8e4031 | 端点: 获取最新消息 | 方法: GET/POST
2025-11-04 22:09:36,543 - root - INFO - 请求开始 | ID: 9bbdea0b2cd04b29 | 端点: 获取最新消息 | 方法: GET/POST
2025-11-04 22:09:36,746 - root - INFO - 请求开始 | ID: 4d985f923ec84294 | 端点: 获取最新消息 | 方法: GET/POST
2025-11-04 22:09:36,969 - root - INFO - 请求开始 | ID: 01060fff69454b78 | 端点: 获取最新消息 | 方法: GET/POST
2025-11-04 22:09:37,177 - root - INFO - 请求开始 | ID: 97fb21e152624391 | 端点: 获取最新消息 | 方法: GET/POST
2025-11-04 22:09:37,458 - root - INFO - 请求开始 | ID: f225731f27f848ca | 端点: 获取最新消息 | 方法: GET/POST
2025-11-04 22:09:58,941 - root - INFO - 请求开始 | ID: c2d9591bdd6a4458 | 端点: 获取最新消息 | 方法: GET/POST
2025-11-04 22:11:07,954 - root - INFO - 请求开始 | ID: a864d5b510c84a6b | 端点: 获取最新消息 | 方法: GET/POST
2025-11-04 22:11:08,148 - root - INFO - 请求开始 | ID: 5755b20026de4947 | 端点: 获取最新消息 | 方法: GET/POST
2025-11-04 22:11:08,348 - root - INFO - 请求开始 | ID: c6f54c588d3e4a19 | 端点: 获取最新消息 | 方法: GET/POST
2025-11-04 22:11:08,576 - root - INFO - 请求开始 | ID: 74e904814803408d | 端点: 获取最新消息 | 方法: GET/POST
2025-11-04 22:11:08,821 - root - INFO - 请求开始 | ID: 8802c9c7713d4120 | 端点: 获取最新消息 | 方法: GET/POST
2025-11-04 22:11:09,056 - root - INFO - 请求开始 | ID: 6a14631e8a63452a | 端点: 获取最新消息 | 方法: GET/POST
2025-11-04 22:11:25,939 - root - INFO - 请求开始 | ID: 914ca842688c4fa3 | 端点: 获取最新消息 | 方法: GET/POST
2025-11-04 22:11:26,180 - root - INFO - 请求开始 | ID: 4c41a88917fa4192 | 端点: 获取最新消息 | 方法: GET/POST
2025-11-04 22:11:26,421 - root - INFO - 请求开始 | ID: 6548e92c6c264787 | 端点: 获取最新消息 | 方法: GET/POST
2025-11-04 22:11:26,618 - root - INFO - 请求开始 | ID: a5133604fb3849fd | 端点: 获取最新消息 | 方法: GET/POST
2025-11-04 22:11:26,822 - root - INFO - 请求开始 | ID: 71ed8b4ea3074be3 | 端点: 获取最新消息 | 方法: GET/POST
2025-11-04 22:11:27,048 - root - INFO - 请求开始 | ID: 4ad4fe79cabc43bd | 端点: 获取最新消息 | 方法: GET/POST
2025-11-04 22:11:36,294 - root - INFO - 请求开始 | ID: bf1683ece914409c | 端点: 获取最新消息 | 方法: GET/POST
2025-11-04 22:13:10,521 - root - INFO - 请求开始 | ID: 1a207d5f40cc47bb | 端点: 获取最新消息 | 方法: GET/POST
2025-11-04 22:13:10,762 - root - INFO - 请求开始 | ID: aa607a9235154fa1 | 端点: 获取最新消息 | 方法: GET/POST
2025-11-04 22:13:10,955 - root - INFO - 请求开始 | ID: 3bbc8e8c54fc49ec | 端点: 获取最新消息 | 方法: GET/POST
2025-11-04 22:13:11,147 - root - INFO - 请求开始 | ID: 7efbb58c20244b02 | 端点: 获取最新消息 | 方法: GET/POST
2025-11-04 22:13:11,366 - root - INFO - 请求开始 | ID: d14cf77e02834eba | 端点: 获取最新消息 | 方法: GET/POST
2025-11-04 22:13:11,567 - root - INFO - 请求开始 | ID: 3635228e21514c26 | 端点: 获取最新消息 | 方法: GET/POST
2025-11-04 22:17:00,377 - root - INFO - 请求开始 | ID: e075f154a902445c | 端点: 获取最新消息 | 方法: GET/POST
2025-11-04 22:17:00,568 - root - INFO - 请求开始 | ID: 3eeb4f8aed9249bd | 端点: 获取最新消息 | 方法: GET/POST
2025-11-04 22:17:00,774 - root - INFO - 请求开始 | ID: 1dd0faf4a3ed46e5 | 端点: 获取最新消息 | 方法: GET/POST
2025-11-04 22:17:00,958 - root - INFO - 请求开始 | ID: bd137ce415d54c58 | 端点: 获取最新消息 | 方法: GET/POST
2025-11-04 22:17:01,154 - root - INFO - 请求开始 | ID: a9416e78deac4748 | 端点: 获取最新消息 | 方法: GET/POST
2025-11-04 22:17:01,383 - root - INFO - 请求开始 | ID: a805f1c4f0ff43c6 | 端点: 获取最新消息 | 方法: GET/POST
2025-11-04 22:17:01,616 - root - INFO - 请求开始 | ID: bb916d6799b949f5 | 端点: 获取最新消息 | 方法: GET/POST
2025-11-04 22:18:00,677 - root - INFO - 大模型客户端初始化成功
2025-11-04 22:18:00,917 - root - INFO - 请求开始 | ID: 1551a60e440a429e | 端点: 获取最新消息 | 方法: GET/POST
2025-11-04 22:18:01,111 - root - INFO - 请求开始 | ID: f7c583ddb7af4188 | 端点: 获取最新消息 | 方法: GET/POST
2025-11-04 22:18:01,321 - root - INFO - 请求开始 | ID: 6a6dd62de7614f1a | 端点: 获取最新消息 | 方法: GET/POST
2025-11-04 22:18:01,530 - root - INFO - 请求开始 | ID: 053155d98e194995 | 端点: 获取最新消息 | 方法: GET/POST
2025-11-04 22:18:01,758 - root - INFO - 请求开始 | ID: 172ca4cad3ff4312 | 端点: 获取最新消息 | 方法: GET/POST
2025-11-04 22:18:04,519 - root - INFO - 请求开始 | ID: 27bd0574dfdc4a8a | 端点: 获取最新消息 | 方法: GET/POST
2025-11-04 22:19:33,349 - root - INFO - 请求开始 | ID: dea9244420f54302 | 端点: 获取最新消息 | 方法: GET/POST
2025-11-04 22:20:19,374 - root - INFO - 请求开始 | ID: ac66bb5dd8254627 | 端点: 获取最新消息 | 方法: GET/POST
2025-11-04 22:20:19,605 - root - INFO - 请求开始 | ID: 7a96cf08172e4211 | 端点: 获取最新消息 | 方法: GET/POST
2025-11-04 22:20:19,825 - root - INFO - 请求开始 | ID: de29f11a37264589 | 端点: 获取最新消息 | 方法: GET/POST
2025-11-04 22:20:20,026 - root - INFO - 请求开始 | ID: c05ffc5f6936404d | 端点: 获取最新消息 | 方法: GET/POST
2025-11-04 22:20:20,251 - root - INFO - 请求开始 | ID: 51648b99f05040a1 | 端点: 获取最新消息 | 方法: GET/POST
2025-11-04 22:20:20,445 - root - INFO - 请求开始 | ID: 649f4f5797d649fd | 端点: 获取最新消息 | 方法: GET/POST
2025-11-04 22:20:20,652 - root - INFO - 请求开始 | ID: 6cdd4caa496948c9 | 端点: 获取最新消息 | 方法: GET/POST
2025-11-04 22:20:20,886 - root - INFO - 请求开始 | ID: ecadf0491b9e47dd | 端点: 获取最新消息 | 方法: GET/POST
2025-11-04 22:20:39,312 - root - INFO - 请求开始 | ID: 1d2adc7c76104320 | 端点: 获取最新消息 | 方法: GET/POST
2025-11-04 22:20:45,630 - root - INFO - 请求开始 | ID: 77177112384f4d94 | 端点: 获取最新消息 | 方法: GET/POST
2025-11-04 22:22:27,267 - root - INFO - 请求开始 | ID: 35878adb3a0747c8 | 端点: 获取最新消息 | 方法: GET/POST
2025-11-04 22:22:27,536 - root - INFO - 请求开始 | ID: 6587c99fdc194e18 | 端点: 获取最新消息 | 方法: GET/POST
2025-11-04 22:22:27,751 - root - INFO - 请求开始 | ID: 5fdf6f50bfe8461c | 端点: 获取最新消息 | 方法: GET/POST
2025-11-04 22:22:27,971 - root - INFO - 请求开始 | ID: c81e288077df439f | 端点: 获取最新消息 | 方法: GET/POST
2025-11-04 22:22:28,216 - root - INFO - 请求开始 | ID: 4cfb8963b52143e6 | 端点: 获取最新消息 | 方法: GET/POST
2025-11-04 22:22:28,419 - root - INFO - 请求开始 | ID: 85a2bf0d513b4b78 | 端点: 获取最新消息 | 方法: GET/POST
2025-11-04 22:22:28,622 - root - INFO - 请求开始 | ID: a6654777df69499a | 端点: 获取最新消息 | 方法: GET/POST
2025-11-04 22:22:28,852 - root - INFO - 请求开始 | ID: 8270f68a461c4488 | 端点: 获取最新消息 | 方法: GET/POST
2025-11-04 22:22:29,051 - root - INFO - 请求开始 | ID: 2f9cca2feae740fe | 端点: 获取最新消息 | 方法: GET/POST
2025-11-04 22:22:44,146 - root - INFO - 请求开始 | ID: f313e91b1f844b7a | 端点: 获取最新消息 | 方法: GET/POST
2025-11-04 22:22:58,670 - root - INFO - 请求开始 | ID: 6b3d044849c8439d | 端点: 获取最新消息 | 方法: GET/POST
2025-11-04 22:22:58,864 - root - INFO - 请求开始 | ID: 2656a91412b04d87 | 端点: 获取最新消息 | 方法: GET/POST
2025-11-04 22:22:59,242 - root - INFO - 请求开始 | ID: 06e1a6f3a6504f36 | 端点: 获取最新消息 | 方法: GET/POST
2025-11-04 22:22:59,487 - root - INFO - 请求开始 | ID: 987ba1e8e4a84c68 | 端点: 获取最新消息 | 方法: GET/POST
2025-11-04 22:22:59,888 - root - INFO - 请求开始 | ID: a82761e6cb694cb7 | 端点: 获取最新消息 | 方法: GET/POST
2025-11-04 22:23:00,071 - root - INFO - 请求开始 | ID: d69dbc1e524f4e6b | 端点: 获取最新消息 | 方法: GET/POST
2025-11-04 22:23:00,262 - root - INFO - 请求开始 | ID: f2cbea4511a4408d | 端点: 获取最新消息 | 方法: GET/POST
2025-11-04 22:23:00,478 - root - INFO - 请求开始 | ID: 3dc1b2c41faa41bc | 端点: 获取最新消息 | 方法: GET/POST
2025-11-04 22:23:00,692 - root - INFO - 请求开始 | ID: b7bd1ffb8a28489d | 端点: 获取最新消息 | 方法: GET/POST
2025-11-04 22:25:19,834 - root - INFO - 请求开始 | ID: a826f15290fa4354 | 端点: 获取最新消息 | 方法: GET/POST
2025-11-04 22:25:22,456 - root - INFO - 请求开始 | ID: 2a2fb437e7f34b96 | 端点: 获取最新消息 | 方法: GET/POST
2025-11-04 22:28:48,197 - root - INFO - 请求开始 | ID: 80f5783ef7f4457d | 端点: 获取最新消息 | 方法: GET/POST
2025-11-04 22:29:19,484 - root - INFO - 请求开始 | ID: a950eee187a94205 | 端点: 获取最新消息 | 方法: GET/POST
2025-11-04 22:29:25,999 - root - INFO - 请求开始 | ID: 1e002c7ac91a4837 | 端点: 获取最新消息 | 方法: GET/POST
2025-11-04 22:29:28,077 - root - INFO - 请求开始 | ID: 50a39393bb40413e | 端点: 获取最新消息 | 方法: GET/POST
2025-11-04 22:29:57,000 - root - INFO - 请求开始 | ID: af32d8cc71a648f4 | 端点: 获取最新消息 | 方法: GET/POST
2025-11-04 22:29:57,190 - root - INFO - 请求开始 | ID: ca983c06ddc14e0c | 端点: 获取最新消息 | 方法: GET/POST
2025-11-04 22:29:57,379 - root - INFO - 请求开始 | ID: 88f41cf9471f4e85 | 端点: 获取最新消息 | 方法: GET/POST
2025-11-04 22:29:57,618 - root - INFO - 请求开始 | ID: 81f95041c6f9461f | 端点: 获取最新消息 | 方法: GET/POST
2025-11-04 22:29:57,802 - root - INFO - 请求开始 | ID: ee733d7476a34559 | 端点: 获取最新消息 | 方法: GET/POST
2025-11-04 22:29:58,012 - root - INFO - 请求开始 | ID: be2546bb7475412e | 端点: 获取最新消息 | 方法: GET/POST
2025-11-04 22:29:58,219 - root - INFO - 请求开始 | ID: a641ff0d2f8d4fbf | 端点: 获取最新消息 | 方法: GET/POST
2025-11-04 22:29:58,426 - root - INFO - 请求开始 | ID: 08417d29aa214091 | 端点: 获取最新消息 | 方法: GET/POST
2025-11-04 22:29:58,635 - root - INFO - 请求开始 | ID: 06b3a6f57f0d4de0 | 端点: 获取最新消息 | 方法: GET/POST
2025-11-04 22:30:00,270 - root - INFO - 请求开始 | ID: 85b0bb13e49f4ed4 | 端点: 获取最新消息 | 方法: GET/POST
2025-11-04 22:30:02,109 - root - INFO - 请求开始 | ID: 830cf243d8084926 | 端点: 获取最新消息 | 方法: GET/POST
2025-11-04 22:30:11,612 - root - INFO - 请求开始 | ID: 0c0e189ca0d54edd | 端点: 获取最新消息 | 方法: GET/POST
2025-11-04 22:30:13,314 - root - INFO - 请求开始 | ID: e283b11c41c24988 | 端点: 获取最新消息 | 方法: GET/POST
2025-11-04 22:30:15,726 - root - INFO - 请求开始 | ID: c941b7b7ee314a5e | 端点: 获取最新消息 | 方法: GET/POST
2025-11-04 22:30:15,938 - root - INFO - 请求开始 | ID: 2f2099d66f054dc2 | 端点: 获取最新消息 | 方法: GET/POST
2025-11-04 22:30:16,161 - root - INFO - 请求开始 | ID: 70e395a23f324807 | 端点: 获取最新消息 | 方法: GET/POST
2025-11-04 22:30:16,396 - root - INFO - 请求开始 | ID: 2e2a01d06db74b4b | 端点: 获取最新消息 | 方法: GET/POST
2025-11-04 22:30:16,581 - root - INFO - 请求开始 | ID: 3dff355a98554e2d | 端点: 获取最新消息 | 方法: GET/POST
2025-11-04 22:30:16,772 - root - INFO - 请求开始 | ID: 9432e6749e534704 | 端点: 获取最新消息 | 方法: GET/POST
2025-11-04 22:30:16,959 - root - INFO - 请求开始 | ID: 99437845d2dc4a8e | 端点: 获取最新消息 | 方法: GET/POST
2025-11-04 22:30:17,156 - root - INFO - 请求开始 | ID: 83acae91b1fa4c6e | 端点: 获取最新消息 | 方法: GET/POST
2025-11-04 22:30:17,370 - root - INFO - 请求开始 | ID: b3b33778496b4099 | 端点: 获取最新消息 | 方法: GET/POST
2025-11-04 22:33:31,663 - root - INFO - 请求开始 | ID: 114cb06fb9414155 | 端点: 获取最新消息 | 方法: GET/POST
2025-11-04 22:33:31,895 - root - INFO - 请求开始 | ID: 2ba1e8bfbac64d75 | 端点: 获取最新消息 | 方法: GET/POST
2025-11-04 22:33:32,100 - root - INFO - 请求开始 | ID: 97d33a0aa82a4c85 | 端点: 获取最新消息 | 方法: GET/POST
2025-11-04 22:33:32,309 - root - INFO - 请求开始 | ID: 78d6d690b3384703 | 端点: 获取最新消息 | 方法: GET/POST
2025-11-04 22:33:32,538 - root - INFO - 请求开始 | ID: c6b495c5f1724cb3 | 端点: 获取最新消息 | 方法: GET/POST
2025-11-04 22:33:32,751 - root - INFO - 请求开始 | ID: 47903f8fe3c14a4c | 端点: 获取最新消息 | 方法: GET/POST
2025-11-04 22:33:32,964 - root - INFO - 请求开始 | ID: 61cb03126ff54ba7 | 端点: 获取最新消息 | 方法: GET/POST
2025-11-04 22:33:33,198 - root - INFO - 请求开始 | ID: e2855d08e3114e1d | 端点: 获取最新消息 | 方法: GET/POST
2025-11-04 22:33:33,408 - root - INFO - 请求开始 | ID: 500123ca13cb470f | 端点: 获取最新消息 | 方法: GET/POST
2025-11-04 22:33:45,694 - root - INFO - 请求开始 | ID: 39ba3f54041b47b7 | 端点: 获取最新消息 | 方法: GET/POST
2025-11-04 22:33:49,186 - root - INFO - 请求开始 | ID: 2b690673dbf44b84 | 端点: 获取最新消息 | 方法: GET/POST
2025-11-04 22:35:38,471 - root - INFO - 请求开始 | ID: f4d8472b706c4a36 | 端点: 获取最新消息 | 方法: GET/POST
2025-11-04 22:35:38,674 - root - INFO - 请求开始 | ID: 00b0660c5567451f | 端点: 获取最新消息 | 方法: GET/POST
2025-11-04 22:35:38,876 - root - INFO - 请求开始 | ID: 955f6948bc6144c2 | 端点: 获取最新消息 | 方法: GET/POST
2025-11-04 22:35:39,090 - root - INFO - 请求开始 | ID: 59e2acd850b64a67 | 端点: 获取最新消息 | 方法: GET/POST
2025-11-04 22:35:39,331 - root - INFO - 请求开始 | ID: 81bf564b9035409d | 端点: 获取最新消息 | 方法: GET/POST
2025-11-04 22:35:39,544 - root - INFO - 请求开始 | ID: 04e6ff2c0ee24d23 | 端点: 获取最新消息 | 方法: GET/POST
2025-11-04 22:35:39,983 - root - INFO - 请求开始 | ID: 09e2277a30144d8e | 端点: 获取最新消息 | 方法: GET/POST
2025-11-04 22:35:40,506 - root - INFO - 请求开始 | ID: 2cff0ceb36c14eb5 | 端点: 获取最新消息 | 方法: GET/POST
2025-11-04 22:35:41,456 - root - INFO - 请求开始 | ID: 31093b0af3f140d5 | 端点: 获取最新消息 | 方法: GET/POST
2025-11-04 22:35:41,905 - root - INFO - 请求开始 | ID: f15fdefb18914b3d | 端点: 获取最新消息 | 方法: GET/POST
2025-11-04 22:35:42,446 - root - INFO - 请求开始 | ID: f71ae22a015d4b82 | 端点: 获取最新消息 | 方法: GET/POST
2025-11-04 22:36:29,812 - root - INFO - 请求开始 | ID: 55c720e1d69f471d | 端点: 获取最新消息 | 方法: GET/POST
2025-11-04 22:36:30,034 - root - INFO - 请求开始 | ID: d21b2702b88a4fba | 端点: 获取最新消息 | 方法: GET/POST
2025-11-04 22:36:30,240 - root - INFO - 请求开始 | ID: da63871b28df4620 | 端点: 获取最新消息 | 方法: GET/POST
2025-11-04 22:36:30,478 - root - INFO - 请求开始 | ID: 14735e914f524e93 | 端点: 获取最新消息 | 方法: GET/POST
2025-11-04 22:36:30,706 - root - INFO - 请求开始 | ID: 98d88c6772c94fc2 | 端点: 获取最新消息 | 方法: GET/POST
2025-11-04 22:36:30,919 - root - INFO - 请求开始 | ID: 251790687c8b4872 | 端点: 获取最新消息 | 方法: GET/POST
2025-11-04 22:36:31,139 - root - INFO - 请求开始 | ID: 4b3ac9ee16104e53 | 端点: 获取最新消息 | 方法: GET/POST
2025-11-04 22:36:31,327 - root - INFO - 请求开始 | ID: 6dc1bc87e0ba4116 | 端点: 获取最新消息 | 方法: GET/POST
2025-11-04 22:36:31,516 - root - INFO - 请求开始 | ID: dfbc8eec173f45c3 | 端点: 获取最新消息 | 方法: GET/POST
2025-11-04 22:36:31,721 - root - INFO - 请求开始 | ID: bfe6cc3375e949ef | 端点: 获取最新消息 | 方法: GET/POST
2025-11-04 22:36:54,739 - root - INFO - 请求开始 | ID: d4daa029d0b54a86 | 端点: 获取最新消息 | 方法: GET/POST
2025-11-04 22:38:04,336 - root - INFO - 请求开始 | ID: 7fef3ae26f82460a | 端点: 获取最新消息 | 方法: GET/POST
2025-11-04 22:38:04,552 - root - INFO - 请求开始 | ID: 35ee90134ad64eb7 | 端点: 获取最新消息 | 方法: GET/POST
2025-11-04 22:38:04,766 - root - INFO - 请求开始 | ID: fdc8d3fa9e1548b9 | 端点: 获取最新消息 | 方法: GET/POST
2025-11-04 22:38:04,991 - root - INFO - 请求开始 | ID: 041b122eb4c044fd | 端点: 获取最新消息 | 方法: GET/POST
2025-11-04 22:38:05,246 - root - INFO - 请求开始 | ID: 128d3520a1b944b4 | 端点: 获取最新消息 | 方法: GET/POST
2025-11-04 22:38:05,437 - root - INFO - 请求开始 | ID: 7016328ffb674955 | 端点: 获取最新消息 | 方法: GET/POST
2025-11-04 22:38:05,632 - root - INFO - 请求开始 | ID: 415818b1c68849d1 | 端点: 获取最新消息 | 方法: GET/POST
2025-11-04 22:38:05,827 - root - INFO - 请求开始 | ID: 6c889b7b492649eb | 端点: 获取最新消息 | 方法: GET/POST
2025-11-04 22:38:06,043 - root - INFO - 请求开始 | ID: 7494cd19a4824b60 | 端点: 获取最新消息 | 方法: GET/POST
2025-11-04 22:38:06,244 - root - INFO - 请求开始 | ID: 0e839a52ba97464c | 端点: 获取最新消息 | 方法: GET/POST
2025-11-04 22:40:02,697 - root - INFO - 请求开始 | ID: 58e0171508c445d3 | 端点: 获取最新消息 | 方法: GET/POST
2025-11-04 22:40:02,898 - root - INFO - 请求开始 | ID: b1dd7d48ef434218 | 端点: 获取最新消息 | 方法: GET/POST
2025-11-04 22:40:03,130 - root - INFO - 请求开始 | ID: 8d076930cf564988 | 端点: 获取最新消息 | 方法: GET/POST
2025-11-04 22:40:03,336 - root - INFO - 请求开始 | ID: cb9619bee1624eb6 | 端点: 获取最新消息 | 方法: GET/POST
2025-11-04 22:40:03,527 - root - INFO - 请求开始 | ID: 3b04f7609a1e4458 | 端点: 获取最新消息 | 方法: GET/POST
2025-11-04 22:40:03,744 - root - INFO - 请求开始 | ID: c16939516a98447e | 端点: 获取最新消息 | 方法: GET/POST
2025-11-04 22:40:04,023 - root - INFO - 请求开始 | ID: d69176fa0b334543 | 端点: 获取最新消息 | 方法: GET/POST
2025-11-04 22:40:04,254 - root - INFO - 请求开始 | ID: f7adc512d97b4045 | 端点: 获取最新消息 | 方法: GET/POST
2025-11-04 22:40:04,482 - root - INFO - 请求开始 | ID: 7b7c0a8eb4b044e1 | 端点: 获取最新消息 | 方法: GET/POST
2025-11-04 22:40:04,693 - root - INFO - 请求开始 | ID: ac35a5ab294f407e | 端点: 获取最新消息 | 方法: GET/POST
2025-11-04 22:40:19,907 - root - INFO - 请求开始 | ID: 2eeefb363e3043db | 端点: 获取最新消息 | 方法: GET/POST
2025-11-04 22:42:12,547 - root - INFO - 请求开始 | ID: 56ac7945534a4adc | 端点: 获取最新消息 | 方法: GET/POST
2025-11-04 22:44:12,354 - root - INFO - 请求开始 | ID: 80d1063d5c584242 | 端点: 获取最新消息 | 方法: GET/POST
2025-11-04 22:44:26,392 - root - INFO - 请求开始 | ID: 8b6fc279d2ce42eb | 端点: 发送消息 | 方法: GET/POST
2025-11-04 22:45:13,094 - root - INFO - 请求开始 | ID: 7b5c58dcdd0e4273 | 端点: 获取最新消息 | 方法: GET/POST
2025-11-04 22:45:28,683 - root - INFO - 请求开始 | ID: 6b4150d77eb24dc9 | 端点: 发送消息 | 方法: GET/POST
2025-11-04 22:50:00,340 - root - INFO - 大模型客户端初始化成功
2025-11-04 22:50:14,147 - root - INFO - 请求开始 | ID: 590be8cc08424702 | 端点: 获取最新消息 | 方法: GET/POST
2025-11-04 22:50:16,506 - root - INFO - 请求开始 | ID: 597c7dc22524475b | 端点: 获取最新消息 | 方法: GET/POST
2025-11-04 22:50:26,326 - root - INFO - 请求开始 | ID: ac087134bbf24954 | 端点: 获取最新消息 | 方法: GET/POST
2025-11-04 22:50:40,339 - root - INFO - 请求开始 | ID: 392d9e6df9bc4fef | 端点: 发送消息 | 方法: GET/POST
2025-11-04 22:51:54,496 - root - INFO - 大模型客户端初始化成功
2025-11-04 22:51:58,288 - root - INFO - 请求开始 | ID: 8dec1addb8184a30 | 端点: 获取最新消息 | 方法: GET/POST
2025-11-04 22:52:03,389 - root - INFO - 请求开始 | ID: 96af535a02fd43f5 | 端点: 发送消息 | 方法: GET/POST
2025-11-04 22:52:18,402 - root - INFO - 请求开始 | ID: 7a5b79fa494d4c50 | 端点: 获取最新消息 | 方法: GET/POST
2025-11-04 22:52:54,290 - root - INFO - 请求开始 | ID: 5cfd3360c082414a | 端点: 获取最新消息 | 方法: GET/POST
2025-11-04 22:52:56,543 - root - INFO - 请求开始 | ID: 7b0f1d8ab3b24274 | 端点: 获取最新消息 | 方法: GET/POST
2025-11-04 22:53:03,213 - root - INFO - 请求开始 | ID: bce65d67a1574209 | 端点: 发送消息 | 方法: GET/POST
2025-11-04 22:53:14,307 - root - INFO - 请求开始 | ID: 71dc4082692a4d05 | 端点: 获取最新消息 | 方法: GET/POST
2025-11-04 22:54:46,110 - root - INFO - 请求开始 | ID: 524693a2682a4aef | 端点: 获取最新消息 | 方法: GET/POST
2025-11-04 22:54:46,193 - root - INFO - 请求开始 | ID: 019c7c34151b42fb | 端点: 获取最新消息 | 方法: GET/POST
2025-11-04 22:55:08,965 - root - INFO - 请求开始 | ID: b9eddc0bd64e4a6a | 端点: 获取最新消息 | 方法: GET/POST
2025-11-04 22:55:12,805 - root - INFO - 请求开始 | ID: 0bb6a0647d9b4c1a | 端点: 获取最新消息 | 方法: GET/POST
2025-11-04 23:06:23,684 - root - INFO - 大模型客户端初始化成功
2025-11-04 23:06:30,014 - root - INFO - 请求开始 | ID: 568cc43ad2ab4d93 | 端点: 发送消息 | 方法: GET/POST
2025-11-04 23:06:55,901 - root - INFO - 请求开始 | ID: 8a528c122fb44be8 | 端点: 获取最新消息 | 方法: GET/POST
2025-11-04 23:07:03,795 - root - INFO - 请求开始 | ID: b0f02952d259422e | 端点: 获取最新消息 | 方法: GET/POST
2025-11-04 23:07:11,404 - root - INFO - 请求开始 | ID: ed0cb97b4bc84ee1 | 端点: 发送消息 | 方法: GET/POST
2025-11-04 23:09:23,229 - root - INFO - 请求开始 | ID: 26edf1c375604e23 | 端点: 获取最新消息 | 方法: GET/POST
2025-11-04 23:09:23,318 - root - INFO - 请求开始 | ID: 9a54d6eeae564e51 | 端点: 获取最新消息 | 方法: GET/POST
2025-11-04 23:10:04,945 - root - INFO - 请求开始 | ID: f9dcacea78974ae2 | 端点: 获取最新消息 | 方法: GET/POST
2025-11-04 23:10:25,185 - root - INFO - 请求开始 | ID: af7776ff5a374114 | 端点: 获取最新消息 | 方法: GET/POST
2025-11-04 23:10:25,271 - root - INFO - 请求开始 | ID: 8fbeb61b97db4746 | 端点: 获取最新消息 | 方法: GET/POST
2025-11-04 23:11:35,913 - root - INFO - 请求开始 | ID: 8a052e00bca84234 | 端点: 获取最新消息 | 方法: GET/POST
2025-11-04 23:11:35,995 - root - INFO - 请求开始 | ID: f82d0c1b92a74838 | 端点: 获取最新消息 | 方法: GET/POST
2025-11-04 23:11:52,796 - root - INFO - 请求开始 | ID: 22ee0752dd05454e | 端点: 发送消息 | 方法: GET/POST
2025-11-04 23:12:00,044 - root - INFO - 请求开始 | ID: 39162de7a798477a | 端点: 获取最新消息 | 方法: GET/POST
2025-11-04 23:12:07,753 - root - INFO - 请求开始 | ID: 362d638db2464a42 | 端点: 发送消息 | 方法: GET/POST
2025-11-04 23:12:29,046 - root - INFO - 请求开始 | ID: e0675b1bdcb24d27 | 端点: 发送消息 | 方法: GET/POST
2025-11-04 23:12:37,887 - root - INFO - 请求开始 | ID: 78278a3527844379 | 端点: 获取最新消息 | 方法: GET/POST
2025-11-04 23:12:47,292 - root - INFO - 请求开始 | ID: aa27f7b6080f4424 | 端点: 发送消息 | 方法: GET/POST
2025-11-04 23:13:10,648 - root - INFO - 请求开始 | ID: 2de1eeed8e08406d | 端点: 发送消息 | 方法: GET/POST
2025-11-04 23:13:17,492 - root - INFO - 请求开始 | ID: d845d076a0c54ff8 | 端点: 获取最新消息 | 方法: GET/POST
2025-11-04 23:13:23,961 - root - INFO - 请求开始 | ID: 7019ffd4a0174841 | 端点: 发送消息 | 方法: GET/POST
2025-11-04 23:16:14,456 - root - INFO - 请求开始 | ID: e826d7ec405946ba | 端点: 获取最新消息 | 方法: GET/POST
2025-11-04 23:16:14,555 - root - INFO - 请求开始 | ID: 9b4cdfe50372486f | 端点: 获取最新消息 | 方法: GET/POST
2025-11-04 23:16:27,789 - root - INFO - 请求开始 | ID: e089ff13f11f4772 | 端点: 获取最新消息 | 方法: GET/POST
2025-11-04 23:16:31,586 - root - INFO - 请求开始 | ID: 6b699ad1cca7447a | 端点: 获取最新消息 | 方法: GET/POST
2025-11-04 23:16:32,148 - root - INFO - 请求开始 | ID: 96fa1727081e4377 | 端点: 获取最新消息 | 方法: GET/POST
2025-11-04 23:16:32,774 - root - INFO - 请求开始 | ID: 724ce62342b34130 | 端点: 获取最新消息 | 方法: GET/POST
2025-11-04 23:16:47,493 - root - INFO - 请求开始 | ID: 5f7a6a86b1e34d4b | 端点: 获取最新消息 | 方法: GET/POST
2025-11-04 23:16:47,591 - root - INFO - 请求开始 | ID: 38c26ba5da614777 | 端点: 获取最新消息 | 方法: GET/POST
2025-11-04 23:17:02,375 - root - INFO - 请求开始 | ID: 14ccbf47e6e64bcc | 端点: 获取最新消息 | 方法: GET/POST
2025-11-04 23:17:10,921 - root - INFO - 请求开始 | ID: b22bb3643eb94379 | 端点: 发送消息 | 方法: GET/POST
2025-11-04 23:18:16,841 - root - INFO - 请求开始 | ID: b7a57c0085ae4b9c | 端点: 获取最新消息 | 方法: GET/POST
2025-11-04 23:18:16,919 - root - INFO - 请求开始 | ID: d00b8d6e4b394b5d | 端点: 获取最新消息 | 方法: GET/POST
2025-11-04 23:18:26,161 - root - INFO - 请求开始 | ID: 777f51c4a67f4920 | 端点: 获取最新消息 | 方法: GET/POST
2025-11-04 23:22:52,893 - root - INFO - 请求开始 | ID: 2294016f3c684b92 | 端点: 获取最新消息 | 方法: GET/POST
2025-11-04 23:24:07,554 - root - INFO - 请求开始 | ID: 54ab7fb5a966400f | 端点: 获取最新消息 | 方法: GET/POST
2025-11-04 23:24:26,967 - root - INFO - 请求开始 | ID: b3e4575bb3c046db | 端点: 获取最新消息 | 方法: GET/POST
2025-11-04 23:25:03,652 - root - INFO - 请求开始 | ID: cdb9fcc5c9a94857 | 端点: 获取最新消息 | 方法: GET/POST
2025-11-04 23:25:34,659 - root - INFO - 请求开始 | ID: 5a1818a066314947 | 端点: 获取最新消息 | 方法: GET/POST
2025-11-04 23:26:24,898 - root - INFO - 请求开始 | ID: 9f41059c23d34f82 | 端点: 获取最新消息 | 方法: GET/POST
2025-11-04 23:28:35,044 - root - INFO - 请求开始 | ID: ee08a0f8e70c457a | 端点: 获取最新消息 | 方法: GET/POST
2025-11-04 23:29:01,825 - root - INFO - 请求开始 | ID: 711af87947bb49aa | 端点: 获取最新消息 | 方法: GET/POST
2025-11-04 23:29:33,995 - root - INFO - 请求开始 | ID: 65601e3feea64f63 | 端点: 获取最新消息 | 方法: GET/POST
2025-11-04 23:29:53,447 - root - INFO - 请求开始 | ID: 48495432539a4fad | 端点: 获取最新消息 | 方法: GET/POST
2025-11-04 23:29:53,546 - root - INFO - 请求开始 | ID: 1df70bc308be45a8 | 端点: 获取最新消息 | 方法: GET/POST
2025-11-04 23:29:53,656 - root - INFO - 请求开始 | ID: 3938a39ca253410a | 端点: 获取最新消息 | 方法: GET/POST
2025-11-04 23:29:53,753 - root - INFO - 请求开始 | ID: 3aa753397ad14082 | 端点: 获取最新消息 | 方法: GET/POST
2025-11-04 23:29:53,847 - root - INFO - 请求开始 | ID: 05ddfdfa37864bf1 | 端点: 获取最新消息 | 方法: GET/POST
2025-11-04 23:29:53,935 - root - INFO - 请求开始 | ID: 851c452ae18344fa | 端点: 获取最新消息 | 方法: GET/POST
2025-11-04 23:30:11,091 - root - INFO - 请求开始 | ID: 3e22fc03fb42457f | 端点: 获取最新消息 | 方法: GET/POST
2025-11-04 23:30:12,994 - root - INFO - 请求开始 | ID: 4fd13e0162f14b81 | 端点: 获取最新消息 | 方法: GET/POST
2025-11-04 23:30:47,594 - root - INFO - 请求开始 | ID: 395b94617d8642a3 | 端点: 获取最新消息 | 方法: GET/POST
2025-11-04 23:33:48,001 - root - INFO - 请求开始 | ID: 70f93a9f13814011 | 端点: 获取最新消息 | 方法: GET/POST
2025-11-04 23:34:11,069 - root - INFO - 请求开始 | ID: 4d8e1aab63db44f2 | 端点: 获取最新消息 | 方法: GET/POST
2025-11-04 23:34:24,530 - root - INFO - 请求开始 | ID: 91ccbd10bdac4a3c | 端点: 获取最新消息 | 方法: GET/POST
2025-11-04 23:35:17,798 - root - INFO - 请求开始 | ID: be740bfec25445b7 | 端点: 获取最新消息 | 方法: GET/POST
2025-11-04 23:35:37,225 - root - INFO - 请求开始 | ID: 1de158a9ea88476c | 端点: 获取最新消息 | 方法: GET/POST
2025-11-04 23:35:56,716 - root - INFO - 请求开始 | ID: 1e0c6b377a214ee8 | 端点: 获取最新消息 | 方法: GET/POST
2025-11-04 23:35:56,801 - root - INFO - 请求开始 | ID: ac6d7e655ad340aa | 端点: 获取最新消息 | 方法: GET/POST
2025-11-04 23:35:56,881 - root - INFO - 请求开始 | ID: 9e549af5ff9847cd | 端点: 获取最新消息 | 方法: GET/POST
2025-11-04 23:35:56,972 - root - INFO - 请求开始 | ID: 73643e68428d40f3 | 端点: 获取最新消息 | 方法: GET/POST
2025-11-04 23:35:57,061 - root - INFO - 请求开始 | ID: 0659193e28cd470a | 端点: 获取最新消息 | 方法: GET/POST
2025-11-04 23:35:57,152 - root - INFO - 请求开始 | ID: 28507363efa04604 | 端点: 获取最新消息 | 方法: GET/POST
2025-11-04 23:35:57,241 - root - INFO - 请求开始 | ID: 3241a91902f4484c | 端点: 获取最新消息 | 方法: GET/POST
2025-11-04 23:35:57,320 - root - INFO - 请求开始 | ID: 82f3050a343741fd | 端点: 获取最新消息 | 方法: GET/POST
2025-11-04 23:35:57,407 - root - INFO - 请求开始 | ID: b32e2dc94b874f24 | 端点: 获取最新消息 | 方法: GET/POST
2025-11-04 23:35:57,492 - root - INFO - 请求开始 | ID: ccf2f1f7934941ea | 端点: 获取最新消息 | 方法: GET/POST
2025-11-04 23:35:57,581 - root - INFO - 请求开始 | ID: 6785518275d74b5c | 端点: 获取最新消息 | 方法: GET/POST
2025-11-04 23:36:05,401 - root - INFO - 请求开始 | ID: 6752e08f0f9048fc | 端点: 获取最新消息 | 方法: GET/POST
2025-11-04 23:36:05,482 - root - INFO - 请求开始 | ID: 4a59966810b6469d | 端点: 获取最新消息 | 方法: GET/POST
2025-11-04 23:36:08,886 - root - INFO - 请求开始 | ID: e733d6f8933c4e86 | 端点: 获取最新消息 | 方法: GET/POST
2025-11-04 23:36:26,923 - root - INFO - 请求开始 | ID: 60bb9c254e3742b1 | 端点: 发送消息 | 方法: GET/POST
2025-11-04 23:36:39,890 - root - INFO - 请求开始 | ID: 827e9af48b644aa3 | 端点: 获取最新消息 | 方法: GET/POST
2025-11-04 23:42:09,946 - root - INFO - 请求开始 | ID: 539aea17e16541d4 | 端点: 获取最新消息 | 方法: GET/POST
2025-11-04 23:42:29,329 - root - INFO - 请求开始 | ID: 5d9993b23c2745ff | 端点: 获取最新消息 | 方法: GET/POST
2025-11-04 23:43:46,522 - root - INFO - 请求开始 | ID: d960610278db4f74 | 端点: 获取最新消息 | 方法: GET/POST
2025-11-04 23:46:40,835 - root - INFO - 大模型客户端初始化成功
2025-11-04 23:46:47,565 - root - INFO - 请求开始 | ID: 0c2572e1966d43e0 | 端点: 获取最新消息 | 方法: GET/POST
2025-11-04 23:46:54,081 - root - INFO - 请求开始 | ID: 55f66d8a359e432f | 端点: 获取最新消息 | 方法: GET/POST
2025-11-04 23:49:11,692 - root - INFO - 请求开始 | ID: 0046f2dc058a4993 | 端点: 获取最新消息 | 方法: GET/POST
2025-11-04 23:49:13,022 - root - INFO - 请求开始 | ID: ab589aabb5754694 | 端点: 获取最新消息 | 方法: GET/POST
2025-11-04 23:49:13,940 - root - INFO - 请求开始 | ID: 17c5b22ee98b4860 | 端点: 获取最新消息 | 方法: GET/POST
2025-11-04 23:49:14,518 - root - INFO - 请求开始 | ID: 370351841bb04869 | 端点: 获取最新消息 | 方法: GET/POST
2025-11-04 23:49:14,983 - root - INFO - 请求开始 | ID: 6a22c7a791c34c97 | 端点: 获取最新消息 | 方法: GET/POST
2025-11-04 23:49:15,712 - root - INFO - 请求开始 | ID: 195a80e8b85d4776 | 端点: 获取最新消息 | 方法: GET/POST
2025-11-04 23:49:17,576 - root - INFO - 请求开始 | ID: 65f45767db3747b4 | 端点: 获取最新消息 | 方法: GET/POST
2025-11-04 23:49:26,273 - root - INFO - 请求开始 | ID: 30bf0852cd024089 | 端点: 获取最新消息 | 方法: GET/POST
2025-11-04 23:49:50,801 - root - INFO - 请求开始 | ID: 9833508f59c14d79 | 端点: 获取最新消息 | 方法: GET/POST
2025-11-04 23:49:52,221 - root - INFO - 请求开始 | ID: a18b0651e8a54d19 | 端点: 获取最新消息 | 方法: GET/POST
2025-11-05 00:13:05,040 - root - INFO - 请求开始 | ID: 05de779911404547 | 端点: 用户注册 | 方法: GET/POST
2025-11-05 00:13:52,628 - root - INFO - 请求开始 | ID: e22a093724b4474a | 端点: 用户注册 | 方法: GET/POST
2025-11-05 00:14:12,071 - root - INFO - 请求开始 | ID: 2b05eb39da4746f6 | 端点: 用户注册 | 方法: GET/POST
2025-11-05 00:16:48,249 - root - INFO - 大模型客户端初始化成功
2025-11-05 00:16:58,710 - root - INFO - 请求开始 | ID: 3ebf62a8fa0149d0 | 端点: 用户登录 | 方法: GET/POST
2025-11-05 00:17:46,935 - root - INFO - 请求开始 | ID: 108d42041fd84da6 | 端点: 用户注册 | 方法: GET/POST
2025-11-05 00:17:53,954 - root - INFO - 请求开始 | ID: 663e45c1105347c1 | 端点: 用户注册 | 方法: GET/POST
2025-11-05 00:18:02,542 - root - INFO - 请求开始 | ID: 75ab2f5444c644a9 | 端点: 用户登录 | 方法: GET/POST
2025-11-05 00:18:16,619 - root - INFO - 请求开始 | ID: 2aa8cbbefca0486b | 端点: 发送消息 | 方法: GET/POST
2025-11-05 00:18:45,025 - root - INFO - 请求开始 | ID: 43a0678016a54011 | 端点: 获取最新消息 | 方法: GET/POST
2025-11-05 00:18:51,891 - root - INFO - 请求开始 | ID: 856fe4cc8b1c40bb | 端点: 发送消息 | 方法: GET/POST
2025-11-05 00:20:03,478 - root - INFO - 请求开始 | ID: b447c347d5854cb0 | 端点: 获取最新消息 | 方法: GET/POST
2025-11-05 00:20:36,166 - root - INFO - 请求开始 | ID: 68e60ddcc5214bab | 端点: 发送消息 | 方法: GET/POST
2025-11-05 00:21:00,616 - root - INFO - 请求开始 | ID: 0e4db8511c634c31 | 端点: 获取最新消息 | 方法: GET/POST
2025-11-05 00:21:50,318 - root - INFO - 请求开始 | ID: ebad2f1f5db54a92 | 端点: 获取最新消息 | 方法: GET/POST
2025-11-05 00:22:06,855 - root - INFO - 请求开始 | ID: d019a4468deb446a | 端点: 发送消息 | 方法: GET/POST
2025-11-05 00:25:23,124 - root - INFO - 请求开始 | ID: 0847e0e31017441f | 端点: 获取最新消息 | 方法: GET/POST
2025-11-05 00:25:50,801 - root - INFO - 请求开始 | ID: 6d98ab2f6a0442e8 | 端点: 获取最新消息 | 方法: GET/POST
2025-11-05 00:26:18,803 - root - INFO - 请求开始 | ID: 253833e00c214c43 | 端点: 获取最新消息 | 方法: GET/POST
2025-11-05 00:27:55,992 - root - INFO - 请求开始 | ID: 4e9a36aeaa6f48e1 | 端点: 获取最新消息 | 方法: GET/POST
2025-11-05 00:28:42,522 - root - INFO - 请求开始 | ID: f4477bd9992b42cc | 端点: 获取最新消息 | 方法: GET/POST
2025-11-05 00:29:10,178 - root - INFO - 请求开始 | ID: 0dd02b8bc37c4d4b | 端点: 获取最新消息 | 方法: GET/POST
2025-11-05 00:29:15,462 - root - INFO - 请求开始 | ID: a18dfbce37b648b4 | 端点: 发送消息 | 方法: GET/POST
2025-11-05 00:33:32,754 - root - INFO - 请求开始 | ID: 76e4ef81115e4369 | 端点: 发送消息 | 方法: GET/POST
2025-11-05 00:34:39,912 - root - INFO - 请求开始 | ID: c5e7cd6154204e8f | 端点: 获取最新消息 | 方法: GET/POST
2025-11-05 00:34:59,421 - root - INFO - 请求开始 | ID: 76aea528c15a4160 | 端点: 获取最新消息 | 方法: GET/POST
2025-11-05 00:35:27,644 - root - INFO - 请求开始 | ID: beb28f564ee54e46 | 端点: 获取最新消息 | 方法: GET/POST
2025-11-05 00:35:27,770 - root - INFO - 请求开始 | ID: b961e877b8694497 | 端点: 获取最新消息 | 方法: GET/POST
2025-11-05 00:36:00,265 - root - INFO - 请求开始 | ID: 15aa000d9a844c48 | 端点: 发送消息 | 方法: GET/POST
2025-11-05 00:36:32,816 - root - INFO - 请求开始 | ID: b10df5ba1d484cdf | 端点: 获取最新消息 | 方法: GET/POST
2025-11-05 00:36:43,153 - root - INFO - 请求开始 | ID: 5cbc56ad93e14772 | 端点: 获取最新消息 | 方法: GET/POST
2025-11-05 00:36:44,376 - root - INFO - 请求开始 | ID: 74ed194ef7994da9 | 端点: 获取最新消息 | 方法: GET/POST
2025-11-05 00:38:14,376 - root - INFO - 请求开始 | ID: 241c56c3d92348f6 | 端点: 获取最新消息 | 方法: GET/POST
2025-11-05 00:38:14,499 - root - INFO - 请求开始 | ID: 1a5f3f8a5b5c431e | 端点: 获取最新消息 | 方法: GET/POST
2025-11-05 00:38:46,568 - root - INFO - 请求开始 | ID: fc9c7c8aa98e4fba | 端点: 获取最新消息 | 方法: GET/POST
2025-11-05 00:38:46,886 - root - INFO - 请求开始 | ID: 0992b213547c480f | 端点: 获取最新消息 | 方法: GET/POST
2025-11-05 00:38:47,011 - root - INFO - 请求开始 | ID: a3b1db89c07d4a6e | 端点: 获取最新消息 | 方法: GET/POST
2025-11-05 00:41:35,854 - root - INFO - 请求开始 | ID: 4102a2ea61b94c83 | 端点: 获取最新消息 | 方法: GET/POST
2025-11-05 00:44:38,754 - root - INFO - 请求开始 | ID: 2b663b82cb7e4cc2 | 端点: 获取最新消息 | 方法: GET/POST
2025-11-05 00:44:58,207 - root - INFO - 请求开始 | ID: dc93033cd5bd44a1 | 端点: 获取最新消息 | 方法: GET/POST
2025-11-05 00:45:17,632 - root - INFO - 请求开始 | ID: 587d268d21af466b | 端点: 获取最新消息 | 方法: GET/POST
2025-11-05 00:45:56,289 - root - INFO - 请求开始 | ID: aad697a8888c4108 | 端点: 获取最新消息 | 方法: GET/POST
2025-11-05 00:46:16,008 - root - INFO - 请求开始 | ID: 4de8299c7c97488e | 端点: 获取最新消息 | 方法: GET/POST
2025-11-05 00:46:16,119 - root - INFO - 请求开始 | ID: 70b61d73adbe4f2e | 端点: 获取最新消息 | 方法: GET/POST
2025-11-05 00:46:16,406 - root - INFO - 请求开始 | ID: 14e1235e76e64769 | 端点: 获取最新消息 | 方法: GET/POST
2025-11-05 00:46:16,629 - root - INFO - 请求开始 | ID: e0a09c1191794fbb | 端点: 获取最新消息 | 方法: GET/POST
2025-11-05 00:46:16,728 - root - INFO - 请求开始 | ID: 35f1ffc9a3a44094 | 端点: 获取最新消息 | 方法: GET/POST
2025-11-05 00:46:17,025 - root - INFO - 请求开始 | ID: 613203cfc2744c91 | 端点: 获取最新消息 | 方法: GET/POST
2025-11-05 00:46:23,368 - root - INFO - 请求开始 | ID: 30fdae1fbc194985 | 端点: 获取最新消息 | 方法: GET/POST
2025-11-05 00:46:23,473 - root - INFO - 请求开始 | ID: 186114b494c049f7 | 端点: 获取最新消息 | 方法: GET/POST
2025-11-05 00:46:53,986 - root - INFO - 请求开始 | ID: bf296f2014dd4518 | 端点: 获取最新消息 | 方法: GET/POST
2025-11-05 00:47:14,510 - root - INFO - 请求开始 | ID: 72dba17f052c4fe3 | 端点: 获取最新消息 | 方法: GET/POST
2025-11-05 00:47:16,836 - root - INFO - 请求开始 | ID: a0c475d3bb604ab7 | 端点: 获取最新消息 | 方法: GET/POST
2025-11-05 00:50:35,404 - root - INFO - 请求开始 | ID: 491f0caab0ed45cc | 端点: 获取最新消息 | 方法: GET/POST
2025-11-05 00:50:35,690 - root - INFO - 请求开始 | ID: 235c8572b2b14c49 | 端点: 获取最新消息 | 方法: GET/POST
2025-11-05 00:51:10,153 - root - INFO - 请求开始 | ID: 1af57077ca0d49f7 | 端点: 获取最新消息 | 方法: GET/POST
2025-11-05 00:51:14,038 - root - INFO - 请求开始 | ID: cf43bf4bbac446c3 | 端点: 获取最新消息 | 方法: GET/POST
2025-11-05 00:51:15,436 - root - INFO - 请求开始 | ID: 3532025039cc49e5 | 端点: 获取最新消息 | 方法: GET/POST
2025-11-05 00:51:15,918 - root - INFO - 请求开始 | ID: 6af81076304e4c49 | 端点: 获取最新消息 | 方法: GET/POST
2025-11-05 00:51:16,753 - root - INFO - 请求开始 | ID: 955d0a22705d439a | 端点: 获取最新消息 | 方法: GET/POST
2025-11-05 00:51:17,239 - root - INFO - 请求开始 | ID: 915a57279feb4b28 | 端点: 获取最新消息 | 方法: GET/POST
2025-11-05 00:51:17,772 - root - INFO - 请求开始 | ID: b7139838500042c3 | 端点: 获取最新消息 | 方法: GET/POST
2025-11-05 00:51:18,093 - root - INFO - 请求开始 | ID: 4b779da97c64439a | 端点: 获取最新消息 | 方法: GET/POST
2025-11-05 00:51:18,197 - root - INFO - 请求开始 | ID: 06d1038313da4c8a | 端点: 获取最新消息 | 方法: GET/POST
2025-11-05 00:51:18,299 - root - INFO - 请求开始 | ID: 296e60ce6a454b73 | 端点: 获取最新消息 | 方法: GET/POST
2025-11-05 00:51:18,452 - root - INFO - 请求开始 | ID: eb7c3060fc9f434d | 端点: 获取最新消息 | 方法: GET/POST
2025-11-05 00:51:18,777 - root - INFO - 请求开始 | ID: 52dcd16e24d348d5 | 端点: 获取最新消息 | 方法: GET/POST
2025-11-05 00:51:18,900 - root - INFO - 请求开始 | ID: a463356301ae4507 | 端点: 获取最新消息 | 方法: GET/POST
2025-11-05 00:51:19,005 - root - INFO - 请求开始 | ID: feb23394b40a4206 | 端点: 获取最新消息 | 方法: GET/POST
2025-11-05 00:51:29,357 - root - INFO - 请求开始 | ID: 3fd2cf8cc9904e20 | 端点: 用户登录 | 方法: GET/POST
2025-11-05 00:51:41,446 - root - INFO - 请求开始 | ID: dbb1f05fd9f046be | 端点: 用户登录 | 方法: GET/POST
2025-11-05 00:51:45,026 - root - INFO - 请求开始 | ID: 7303c58160e643c9 | 端点: 获取最新消息 | 方法: GET/POST
2025-11-05 00:51:45,623 - root - INFO - 请求开始 | ID: 0fae689551764736 | 端点: 获取最新消息 | 方法: GET/POST
2025-11-05 00:52:11,520 - root - INFO - 请求开始 | ID: 87783eabb115409e | 端点: 获取最新消息 | 方法: GET/POST
2025-11-05 00:52:11,818 - root - INFO - 请求开始 | ID: 38fa064307d64215 | 端点: 获取最新消息 | 方法: GET/POST
2025-11-05 00:52:11,922 - root - INFO - 请求开始 | ID: 81152bc161c548b6 | 端点: 获取最新消息 | 方法: GET/POST
2025-11-05 00:52:17,250 - root - INFO - 请求开始 | ID: 6a9afee7cbf24cad | 端点: 获取最新消息 | 方法: GET/POST
2025-11-05 00:53:04,200 - root - INFO - 请求开始 | ID: 3f3597ef52534750 | 端点: 获取最新消息 | 方法: GET/POST
2025-11-05 00:53:18,089 - root - INFO - 请求开始 | ID: df6d1cdaf5d34baa | 端点: 获取最新消息 | 方法: GET/POST
2025-11-05 00:53:56,064 - root - INFO - 请求开始 | ID: b2ade5494e7840e4 | 端点: 用户登录 | 方法: GET/POST
2025-11-05 00:54:03,413 - root - INFO - 请求开始 | ID: ba1ae653112e4d3e | 端点: 获取最新消息 | 方法: GET/POST
2025-11-05 00:56:00,277 - root - INFO - 请求开始 | ID: b37c351e12e94483 | 端点: 获取最新消息 | 方法: GET/POST
2025-11-05 00:56:00,561 - root - INFO - 请求开始 | ID: 166c4209e21c4404 | 端点: 获取最新消息 | 方法: GET/POST
2025-11-05 00:56:00,688 - root - INFO - 请求开始 | ID: fa7a4baf252a46bc | 端点: 获取最新消息 | 方法: GET/POST
2025-11-05 00:56:12,086 - root - INFO - 请求开始 | ID: cd4aa289cdcb4177 | 端点: 获取最新消息 | 方法: GET/POST
2025-11-05 00:56:24,663 - root - INFO - 请求开始 | ID: c693c3c56da340d5 | 端点: 用户登录 | 方法: GET/POST
2025-11-05 00:56:28,700 - root - INFO - 请求开始 | ID: 6f38ddcfcf4245bb | 端点: 用户登录 | 方法: GET/POST
2025-11-05 00:56:36,283 - root - INFO - 请求开始 | ID: 5e196b80e5da48ca | 端点: 获取最新消息 | 方法: GET/POST
2025-11-05 00:56:36,395 - root - INFO - 请求开始 | ID: 3df4eff46b8f4584 | 端点: 获取最新消息 | 方法: GET/POST
2025-11-05 00:58:03,851 - root - INFO - 请求开始 | ID: af2878cf07f94f1a | 端点: 用户登录 | 方法: GET/POST
2025-11-05 00:58:05,674 - root - INFO - 请求开始 | ID: 99dee28e6dbd46f1 | 端点: 用户登录 | 方法: GET/POST
2025-11-05 00:58:06,890 - root - INFO - 请求开始 | ID: 33462cba926e4c0a | 端点: 获取最新消息 | 方法: GET/POST
2025-11-05 00:58:18,489 - root - INFO - 请求开始 | ID: d958934262fe45a5 | 端点: 用户登录 | 方法: GET/POST
2025-11-05 00:58:19,737 - root - INFO - 请求开始 | ID: 95b77d96ef16413d | 端点: 获取最新消息 | 方法: GET/POST
2025-11-05 00:58:34,361 - root - INFO - 请求开始 | ID: 08ec47c42cdb406c | 端点: 用户登录 | 方法: GET/POST
2025-11-05 00:58:35,586 - root - INFO - 请求开始 | ID: 4217a80ef196400a | 端点: 获取最新消息 | 方法: GET/POST
2025-11-05 00:58:58,910 - root - INFO - 请求开始 | ID: f018a0d198d9410d | 端点: 发送消息 | 方法: GET/POST
2025-11-05 00:59:28,618 - root - INFO - 请求开始 | ID: cd88f3ebe5414b1d | 端点: 获取最新消息 | 方法: GET/POST
2025-11-05 00:59:55,399 - root - INFO - 请求开始 | ID: da810074d6fa4bc1 | 端点: 发送消息 | 方法: GET/POST
2025-11-05 01:03:07,218 - root - INFO - 请求开始 | ID: 66d6b02c8afd43c2 | 端点: 获取最新消息 | 方法: GET/POST
2025-11-05 01:03:16,871 - root - INFO - 请求开始 | ID: 9ec8c1d56fab4326 | 端点: 发送消息 | 方法: GET/POST
2025-11-05 01:04:03,564 - root - INFO - 大模型客户端初始化成功
2025-11-05 01:04:08,558 - root - INFO - 请求开始 | ID: 382316e902714fcf | 端点: 获取最新消息 | 方法: GET/POST
2025-11-05 01:04:09,269 - root - ERROR - 获取最新消息失败: local variable 'db' referenced before assignment
2025-11-05 01:04:15,646 - root - INFO - 请求开始 | ID: fba602b034d24be9 | 端点: 获取最新消息 | 方法: GET/POST
2025-11-05 01:04:16,318 - root - ERROR - 获取最新消息失败: local variable 'db' referenced before assignment
2025-11-05 01:04:44,006 - root - INFO - 请求开始 | ID: d39e6c21c7054058 | 端点: 获取最新消息 | 方法: GET/POST
2025-11-05 01:04:44,664 - root - ERROR - 获取最新消息失败: local variable 'db' referenced before assignment
2025-11-05 01:04:56,112 - root - INFO - 大模型客户端初始化成功
2025-11-05 01:05:19,247 - root - INFO - 请求开始 | ID: 06410a8fb43849a3 | 端点: 获取最新消息 | 方法: GET/POST
2025-11-05 01:05:19,943 - root - ERROR - 获取最新消息失败: local variable 'db' referenced before assignment
2025-11-05 01:07:41,411 - root - INFO - 大模型客户端初始化成功
2025-11-05 01:07:44,726 - root - INFO - 请求开始 | ID: 58149038aaf54eaa | 端点: 获取最新消息 | 方法: GET/POST
2025-11-05 01:08:37,975 - root - INFO - 大模型客户端初始化成功
2025-11-05 01:08:42,393 - root - INFO - 请求开始 | ID: e23490d630804f45 | 端点: 获取最新消息 | 方法: GET/POST
2025-11-05 01:08:54,502 - root - INFO - 请求开始 | ID: 0b8ae8d0b1d24b8b | 端点: 发送消息 | 方法: GET/POST
2025-11-05 01:12:54,855 - root - INFO - 请求开始 | ID: c656c01a5f304af6 | 端点: 获取最新消息 | 方法: GET/POST
2025-11-05 01:12:59,429 - root - INFO - 请求开始 | ID: 400ebb4887254888 | 端点: 发送消息 | 方法: GET/POST
2025-11-05 22:33:43,422 - root - INFO - 大模型客户端初始化成功
2025-11-05 22:42:08,725 - root - INFO - 大模型客户端初始化成功
2025-11-05 23:18:06,255 - root - INFO - 大模型客户端初始化成功
2025-11-05 23:18:39,439 - root - INFO - 请求开始 | ID: f430c0c089e44cc1 | 端点: 获取最新消息 | 方法: GET/POST
2025-11-05 23:19:10,890 - root - INFO - 请求开始 | ID: 16e80f9a812043ec | 端点: 用户注册 | 方法: GET/POST
2025-11-05 23:19:36,311 - root - INFO - 请求开始 | ID: 32a3079b8b8c4ce1 | 端点: 用户登录 | 方法: GET/POST
2025-11-05 23:19:37,547 - root - INFO - 请求开始 | ID: 9d37e27cfd424740 | 端点: 获取最新消息 | 方法: GET/POST
2025-11-05 23:19:43,814 - root - INFO - 请求开始 | ID: dfa810cb35a84611 | 端点: 发送消息 | 方法: GET/POST
2025-11-05 23:19:52,728 - root - INFO - 成功保存消息，用户ID: feaff3e3-0bd0-4744-8806-8c1d0d3088d8, 角色: user, 内容长度: 82
2025-11-05 23:19:53,883 - root - WARNING - 保存消息失败: 受影响行数为 0, user_id=feaff3e3-0bd0-4744-8806-8c1d0d3088d8, role=assistant
2025-11-06 20:42:58,672 - root - INFO - 大模型客户端初始化成功
2025-11-06 20:43:19,633 - root - INFO - 请求开始 | ID: ba43570cf6b141a7 | 端点: 用户注册 | 方法: GET/POST
2025-11-06 20:43:35,529 - root - INFO - 请求开始 | ID: 57baf649d2b747e4 | 端点: 用户登录 | 方法: GET/POST
2025-11-06 20:43:36,949 - root - INFO - 请求开始 | ID: fb06314271504490 | 端点: 获取最新消息 | 方法: GET/POST
2025-11-06 21:08:29,690 - root - INFO - 大模型客户端初始化成功
2025-11-06 21:08:57,512 - root - INFO - 请求开始 | ID: 421f512474df48cf | 端点: 获取最新消息 | 方法: GET/POST
2025-11-06 21:10:32,272 - root - INFO - 请求开始 | ID: 7049ead4ef194b0d | 端点: 用户登录 | 方法: GET/POST
2025-11-06 21:10:35,878 - root - INFO - 请求开始 | ID: 349184d4cf26466a | 端点: 用户登录 | 方法: GET/POST
2025-11-06 21:10:48,869 - root - INFO - 请求开始 | ID: bae4ed33619042c2 | 端点: 用户登录 | 方法: GET/POST
2025-11-06 21:15:25,885 - root - INFO - 请求开始 | ID: ee6c34b3a0e7477e | 端点: 用户登录 | 方法: GET/POST
2025-11-06 21:16:28,701 - root - INFO - 请求开始 | ID: 41243d3c3f96438b | 端点: 用户登录 | 方法: GET/POST
2025-11-06 21:19:32,996 - root - INFO - 请求开始 | ID: f318a6a2188d4b55 | 端点: 用户登录 | 方法: GET/POST
2025-11-06 21:28:14,798 - root - INFO - 请求开始 | ID: 75c912296ff04c4a | 端点: 用户登录 | 方法: GET/POST
2025-11-06 21:28:34,347 - root - INFO - 请求开始 | ID: bb8197b8ffcb4cad | 端点: 用户登录 | 方法: GET/POST
2025-11-06 21:42:41,663 - root - INFO - 大模型客户端初始化成功
2025-11-06 21:42:56,519 - root - INFO - 请求开始 | ID: a8cccb7d212c467f | 端点: 用户登录 | 方法: GET/POST
2025-11-06 21:54:18,946 - root - INFO - 大模型客户端初始化成功
2025-11-06 21:54:23,965 - root - INFO - 请求开始 | ID: 8b4dcb78de514edb | 端点: 获取最新消息 | 方法: GET/POST
2025-11-06 21:54:30,021 - root - INFO - 请求开始 | ID: 0a1cb9f984a0437d | 端点: 发送消息 | 方法: GET/POST
2025-11-06 21:54:39,263 - root - INFO - 成功保存消息，用户ID: 112169950281465857, 角色: user, 内容长度: 82
2025-11-06 21:54:40,414 - root - INFO - 成功保存消息，用户ID: 112169950281465857, 角色: assistant, 内容长度: 294
2025-11-06 21:54:47,362 - root - INFO - 请求开始 | ID: 83699eac86af4c8c | 端点: 获取最新消息 | 方法: GET/POST
2025-11-06 21:54:57,977 - root - INFO - 请求开始 | ID: 81d029aaa3f3453b | 端点: 发送消息 | 方法: GET/POST
2025-11-06 21:55:03,548 - root - INFO - 成功保存消息，用户ID: 112169950281465857, 角色: user, 内容长度: 8
2025-11-06 21:55:04,737 - root - INFO - 成功保存消息，用户ID: 112169950281465857, 角色: assistant, 内容长度: 664
2025-11-06 21:58:26,681 - root - INFO - 请求开始 | ID: e3db4e710eaf49e6 | 端点: 获取最新消息 | 方法: GET/POST
2025-11-06 21:58:33,423 - root - INFO - 请求开始 | ID: 7b8945a2fc5b48fd | 端点: 发送消息 | 方法: GET/POST
2025-11-06 21:58:39,750 - root - INFO - 成功保存消息，用户ID: 112169950281465857, 角色: user, 内容长度: 8
2025-11-06 21:58:40,901 - root - INFO - 成功保存消息，用户ID: 112169950281465857, 角色: assistant, 内容长度: 702
2025-11-06 22:00:47,569 - root - INFO - 请求开始 | ID: e24bd016b1c748d4 | 端点: 获取最新消息 | 方法: GET/POST
2025-11-06 22:00:53,246 - root - INFO - 请求开始 | ID: fb7482cbe35b4075 | 端点: 发送消息 | 方法: GET/POST
2025-11-06 22:00:59,864 - root - INFO - 成功保存消息，用户ID: 112169950281465857, 角色: user, 内容长度: 8
2025-11-06 22:01:01,028 - root - INFO - 成功保存消息，用户ID: 112169950281465857, 角色: assistant, 内容长度: 768
2025-11-06 22:02:13,381 - root - INFO - 请求开始 | ID: 4e1b839cea274444 | 端点: 获取最新消息 | 方法: GET/POST
2025-11-06 22:05:09,572 - root - INFO - 请求开始 | ID: 68466789853a4b22 | 端点: 获取最新消息 | 方法: GET/POST
2025-11-06 22:05:28,997 - root - INFO - 请求开始 | ID: 9a41826b792f483b | 端点: 获取最新消息 | 方法: GET/POST
2025-11-06 22:05:40,126 - root - INFO - 请求开始 | ID: a9a98311f5044579 | 端点: 发送消息 | 方法: GET/POST
2025-11-06 22:05:43,348 - root - INFO - 成功保存消息，用户ID: 112169950281465857, 角色: user, 内容长度: 7
2025-11-06 22:05:45,671 - root - INFO - 成功保存消息，用户ID: 112169950281465857, 角色: assistant, 内容长度: 275
2025-11-06 22:11:23,784 - root - INFO - 请求开始 | ID: 89152879b8ac43a5 | 端点: 发送消息 | 方法: GET/POST
2025-11-06 22:12:06,958 - root - INFO - 成功保存消息，用户ID: 112169950281465857, 角色: user, 内容长度: 7
2025-11-06 22:12:08,190 - root - INFO - 成功保存消息，用户ID: 112169950281465857, 角色: assistant, 内容长度: 356
2025-11-06 22:12:08,216 - root - INFO - 请求开始 | ID: cd6d7ee5ae6547db | 端点: 发送消息 | 方法: GET/POST
2025-11-06 22:12:16,005 - root - INFO - 成功保存消息，用户ID: 112169950281465857, 角色: user, 内容长度: 8
2025-11-06 22:12:17,223 - root - INFO - 成功保存消息，用户ID: 112169950281465857, 角色: assistant, 内容长度: 882
2025-11-06 22:14:10,913 - root - INFO - 请求开始 | ID: 18c47c8d390d49cf | 端点: 获取最新消息 | 方法: GET/POST
2025-11-06 22:14:22,057 - root - INFO - 请求开始 | ID: 03c42dfceb0a42c9 | 端点: 发送消息 | 方法: GET/POST
2025-11-06 22:14:28,587 - root - INFO - 成功保存消息，用户ID: 112169950281465857, 角色: user, 内容长度: 8
2025-11-06 22:14:29,734 - root - INFO - 成功保存消息，用户ID: 112169950281465857, 角色: assistant, 内容长度: 695
2025-11-06 22:14:41,098 - root - INFO - 请求开始 | ID: c23e8acf4b364566 | 端点: 用户登录 | 方法: GET/POST
2025-11-06 22:22:48,117 - root - INFO - 请求开始 | ID: f6a0c9b272264115 | 端点: 用户登录 | 方法: GET/POST
2025-11-06 22:23:27,977 - root - INFO - 请求开始 | ID: b0dc72d41e86418e | 端点: 用户登录 | 方法: GET/POST
2025-11-06 22:23:38,179 - root - INFO - 请求开始 | ID: 61db9f96db484801 | 端点: 用户登录 | 方法: GET/POST
2025-11-06 22:24:28,711 - root - INFO - 请求开始 | ID: 84dcf2dd1e03471c | 端点: 用户登录 | 方法: GET/POST
2025-11-06 22:25:16,935 - root - INFO - 请求开始 | ID: 4113bbdd24ef4a98 | 端点: 用户登录 | 方法: GET/POST
2025-11-06 22:25:18,774 - root - INFO - 请求开始 | ID: 1167dcc85dcf4fc3 | 端点: 获取最新消息 | 方法: GET/POST
2025-11-06 22:27:17,194 - root - INFO - 请求开始 | ID: 5c7be2f895074b6c | 端点: 获取最新消息 | 方法: GET/POST
2025-11-06 22:28:52,644 - root - INFO - 请求开始 | ID: 2850ba85c4584a35 | 端点: 获取最新消息 | 方法: GET/POST
2025-11-06 22:32:00,112 - root - INFO - 请求开始 | ID: 5753c1d2d5fe4ad7 | 端点: 获取最新消息 | 方法: GET/POST
2025-11-06 22:32:07,214 - root - INFO - 请求开始 | ID: 31acfbbc8e5547b3 | 端点: 用户登录 | 方法: GET/POST
2025-11-06 22:32:08,696 - root - INFO - 请求开始 | ID: b9b8c18ba1a6492e | 端点: 获取最新消息 | 方法: GET/POST
2025-11-06 22:32:16,771 - root - INFO - 请求开始 | ID: 20feba9b13bf4b96 | 端点: 发送消息 | 方法: GET/POST
2025-11-06 22:32:28,227 - root - INFO - 成功保存消息，用户ID: 112169950281465857, 角色: user, 内容长度: 82
2025-11-06 22:32:29,429 - root - INFO - 成功保存消息，用户ID: 112169950281465857, 角色: assistant, 内容长度: 469
2025-11-06 22:32:38,890 - root - INFO - 请求开始 | ID: ea1b3892debf4492 | 端点: 获取最新消息 | 方法: GET/POST
2025-11-06 22:32:51,080 - root - INFO - 请求开始 | ID: b469bbac779645e0 | 端点: 发送消息 | 方法: GET/POST
2025-11-06 22:32:59,026 - root - INFO - 成功保存消息，用户ID: 112169950281465857, 角色: user, 内容长度: 8
2025-11-06 22:33:00,232 - root - INFO - 成功保存消息，用户ID: 112169950281465857, 角色: assistant, 内容长度: 949
2025-11-06 22:35:58,489 - root - INFO - 请求开始 | ID: c3d6639a6d534fb3 | 端点: 获取最新消息 | 方法: GET/POST
2025-11-06 22:36:38,108 - root - INFO - 请求开始 | ID: d10c70a871bd4800 | 端点: 获取最新消息 | 方法: GET/POST
2025-11-06 22:36:47,065 - root - INFO - 请求开始 | ID: 03468352c17243eb | 端点: 获取最新消息 | 方法: GET/POST
2025-11-06 22:39:20,294 - root - INFO - 请求开始 | ID: e900ffd2ba4d46e0 | 端点: 获取最新消息 | 方法: GET/POST
2025-11-06 22:39:30,239 - root - INFO - 请求开始 | ID: 959dc72d9224424e | 端点: 用户登录 | 方法: GET/POST
2025-11-06 22:39:32,015 - root - INFO - 请求开始 | ID: dc29800f46be4523 | 端点: 获取最新消息 | 方法: GET/POST
2025-11-06 22:39:52,184 - root - INFO - 请求开始 | ID: d2a8c1768fef4879 | 端点: 获取最新消息 | 方法: GET/POST
2025-11-06 22:40:10,085 - root - INFO - 请求开始 | ID: ed2c1ab9ef7b4948 | 端点: 发送消息 | 方法: GET/POST
2025-11-06 22:40:21,047 - root - INFO - 成功保存消息，用户ID: 112169950281465857, 角色: user, 内容长度: 82
2025-11-06 22:40:22,237 - root - INFO - 成功保存消息，用户ID: 112169950281465857, 角色: assistant, 内容长度: 491
2025-11-06 22:40:42,061 - root - INFO - 请求开始 | ID: 1399b8297f814af9 | 端点: 获取最新消息 | 方法: GET/POST
2025-11-06 22:40:46,221 - root - INFO - 请求开始 | ID: 9732b57cb0034116 | 端点: 发送消息 | 方法: GET/POST
2025-11-06 22:40:56,169 - root - INFO - 成功保存消息，用户ID: 112169950281465857, 角色: user, 内容长度: 82
2025-11-06 22:40:57,359 - root - INFO - 成功保存消息，用户ID: 112169950281465857, 角色: assistant, 内容长度: 347
2025-11-06 22:47:50,534 - root - INFO - 请求开始 | ID: 335581431e624cf4 | 端点: 获取最新消息 | 方法: GET/POST
2025-11-06 22:47:55,236 - root - INFO - 请求开始 | ID: 5365ace92e414478 | 端点: 发送消息 | 方法: GET/POST
2025-11-06 22:48:24,357 - root - INFO - 成功保存消息，用户ID: 112169950281465857, 角色: user, 内容长度: 82
2025-11-06 22:48:25,504 - root - INFO - 成功保存消息，用户ID: 112169950281465857, 角色: assistant, 内容长度: 353
2025-11-06 22:48:46,706 - root - INFO - 请求开始 | ID: ec092bb44c324840 | 端点: 获取最新消息 | 方法: GET/POST
2025-11-06 22:48:51,998 - root - INFO - 请求开始 | ID: 57f276e39acf4520 | 端点: 发送消息 | 方法: GET/POST
2025-11-06 22:49:01,616 - root - INFO - 成功保存消息，用户ID: 112169950281465857, 角色: user, 内容长度: 82
2025-11-06 22:49:02,758 - root - INFO - 成功保存消息，用户ID: 112169950281465857, 角色: assistant, 内容长度: 308
2025-11-06 22:51:06,123 - root - INFO - 请求开始 | ID: 942dd4ea04ec4b86 | 端点: 获取最新消息 | 方法: GET/POST
2025-11-06 22:51:10,568 - root - INFO - 请求开始 | ID: a87c827cf0bb49f7 | 端点: 发送消息 | 方法: GET/POST
2025-11-06 22:51:19,666 - root - INFO - 成功保存消息，用户ID: 112169950281465857, 角色: user, 内容长度: 82
2025-11-06 22:51:20,802 - root - INFO - 成功保存消息，用户ID: 112169950281465857, 角色: assistant, 内容长度: 228
2025-11-06 22:54:59,103 - root - INFO - 请求开始 | ID: 22fb351113724e3d | 端点: 获取最新消息 | 方法: GET/POST
2025-11-06 22:55:04,667 - root - INFO - 请求开始 | ID: 5e72c4368b474f86 | 端点: 发送消息 | 方法: GET/POST
2025-11-06 22:55:13,006 - root - INFO - 成功保存消息，用户ID: 112169950281465857, 角色: user, 内容长度: 82
2025-11-06 22:55:14,147 - root - INFO - 成功保存消息，用户ID: 112169950281465857, 角色: assistant, 内容长度: 217
2025-11-06 22:55:46,203 - root - INFO - 请求开始 | ID: 9ed534386a8e4de9 | 端点: 获取最新消息 | 方法: GET/POST
2025-11-06 22:57:50,158 - root - INFO - 请求开始 | ID: e6bcb360acd8454a | 端点: 发送消息 | 方法: GET/POST
2025-11-06 22:57:51,924 - root - WARNING - 用户ID格式错误: test123，尝试转为整数失败
2025-11-06 22:57:52,931 - root - WARNING - 用户ID格式错误: test123，尝试转为整数失败
2025-11-06 22:58:43,898 - root - INFO - 请求开始 | ID: 115c42e098724356 | 端点: 获取最新消息 | 方法: GET/POST
2025-11-06 22:58:50,139 - root - INFO - 请求开始 | ID: 63da2ac54be04826 | 端点: 发送消息 | 方法: GET/POST
2025-11-06 22:58:59,487 - root - INFO - 成功保存消息，用户ID: 112169950281465857, 角色: user, 内容长度: 82
2025-11-06 22:59:00,639 - root - INFO - 成功保存消息，用户ID: 112169950281465857, 角色: assistant, 内容长度: 292
2025-11-06 23:00:42,656 - root - INFO - 请求开始 | ID: 9f92f44c6cc746e9 | 端点: 获取最新消息 | 方法: GET/POST
2025-11-06 23:00:44,871 - root - INFO - 请求开始 | ID: aab1fb4fd79c4cca | 端点: 发送消息 | 方法: GET/POST
2025-11-06 23:00:47,466 - root - INFO - 成功保存消息，用户ID: 112169950281465857, 角色: user, 内容长度: 7
2025-11-06 23:00:48,621 - root - INFO - 成功保存消息，用户ID: 112169950281465857, 角色: assistant, 内容长度: 226
2025-11-06 23:02:19,933 - root - INFO - 请求开始 | ID: 6f6001070c43450d | 端点: 获取最新消息 | 方法: GET/POST
2025-11-06 23:02:23,176 - root - INFO - 请求开始 | ID: 2603c213e38d411c | 端点: 发送消息 | 方法: GET/POST
2025-11-06 23:02:29,064 - root - INFO - 成功保存消息，用户ID: 112169950281465857, 角色: user, 内容长度: 8
2025-11-06 23:02:30,206 - root - INFO - 成功保存消息，用户ID: 112169950281465857, 角色: assistant, 内容长度: 599
2025-11-06 23:03:31,034 - root - INFO - 请求开始 | ID: 7e2ffc5c0a8544b8 | 端点: 获取最新消息 | 方法: GET/POST
2025-11-06 23:03:40,351 - root - INFO - 请求开始 | ID: 1c974522d4924141 | 端点: 发送消息 | 方法: GET/POST
2025-11-06 23:03:49,575 - root - INFO - 成功保存消息，用户ID: 112169950281465857, 角色: user, 内容长度: 82
2025-11-06 23:03:50,710 - root - INFO - 成功保存消息，用户ID: 112169950281465857, 角色: assistant, 内容长度: 306
2025-11-06 23:04:00,273 - root - INFO - 请求开始 | ID: 0ed18d20018b402a | 端点: 获取最新消息 | 方法: GET/POST
2025-11-06 23:04:10,134 - root - INFO - 请求开始 | ID: da493b698f544d3f | 端点: 发送消息 | 方法: GET/POST
2025-11-06 23:04:18,932 - root - INFO - 成功保存消息，用户ID: 112169950281465857, 角色: user, 内容长度: 82
2025-11-06 23:04:20,070 - root - INFO - 成功保存消息，用户ID: 112169950281465857, 角色: assistant, 内容长度: 345
2025-11-06 23:04:37,999 - root - INFO - 请求开始 | ID: 59bde370e23041fa | 端点: 获取最新消息 | 方法: GET/POST
2025-11-06 23:04:43,133 - root - INFO - 请求开始 | ID: 103209c041be4884 | 端点: 发送消息 | 方法: GET/POST
2025-11-06 23:04:52,484 - root - INFO - 成功保存消息，用户ID: 112169950281465857, 角色: user, 内容长度: 82
2025-11-06 23:04:53,645 - root - INFO - 成功保存消息，用户ID: 112169950281465857, 角色: assistant, 内容长度: 374
2025-11-06 23:04:54,194 - root - INFO - 请求开始 | ID: cd57e5a054374dae | 端点: 获取最新消息 | 方法: GET/POST
2025-11-06 23:05:01,636 - root - INFO - 请求开始 | ID: b4c1a51b24d946f3 | 端点: 获取最新消息 | 方法: GET/POST
2025-11-06 23:05:05,183 - root - INFO - 请求开始 | ID: 7f87c6b01a554945 | 端点: 获取最新消息 | 方法: GET/POST
2025-11-06 23:06:34,998 - root - INFO - 请求开始 | ID: 36a2efe3f5424cfa | 端点: 获取最新消息 | 方法: GET/POST
2025-11-06 23:06:49,595 - root - INFO - 请求开始 | ID: 00ac723963864b49 | 端点: 发送消息 | 方法: GET/POST
2025-11-06 23:06:58,303 - root - INFO - 成功保存消息，用户ID: 112169950281465857, 角色: user, 内容长度: 82
2025-11-06 23:06:59,453 - root - INFO - 成功保存消息，用户ID: 112169950281465857, 角色: assistant, 内容长度: 323
2025-11-06 23:07:02,585 - root - INFO - 请求开始 | ID: 7eb9a9c7799d479a | 端点: 获取最新消息 | 方法: GET/POST
2025-11-06 23:07:07,124 - root - INFO - 请求开始 | ID: 98a7822c620b4a35 | 端点: 发送消息 | 方法: GET/POST
2025-11-06 23:07:15,671 - root - INFO - 成功保存消息，用户ID: 112169950281465857, 角色: user, 内容长度: 82
2025-11-06 23:07:16,825 - root - INFO - 成功保存消息，用户ID: 112169950281465857, 角色: assistant, 内容长度: 254
2025-11-06 23:07:27,951 - root - INFO - 请求开始 | ID: ad6d12ba29ab4c59 | 端点: 发送消息 | 方法: GET/POST
2025-11-06 23:07:40,428 - root - INFO - 成功保存消息，用户ID: 112169950281465857, 角色: user, 内容长度: 83
2025-11-06 23:07:41,571 - root - INFO - 成功保存消息，用户ID: 112169950281465857, 角色: assistant, 内容长度: 742
2025-11-08 14:56:12,238 - root - INFO - 大模型客户端初始化成功
2025-11-08 14:57:06,104 - root - INFO - 请求开始 | ID: c454ba5815054694 | 端点: 用户登录 | 方法: GET/POST
2025-11-08 14:57:07,760 - root - INFO - 请求开始 | ID: c9ace116c2f94c7f | 端点: 获取最新消息 | 方法: GET/POST
2025-11-08 14:57:20,165 - root - INFO - 请求开始 | ID: b5f347a07a2b46ad | 端点: 发送消息 | 方法: GET/POST
2025-11-08 14:57:33,627 - root - INFO - 成功保存消息，用户ID: 112169950281465857, 角色: user, 内容长度: 83
2025-11-08 14:57:34,775 - root - INFO - 成功保存消息，用户ID: 112169950281465857, 角色: assistant, 内容长度: 840
2025-11-08 14:57:49,730 - root - INFO - 请求开始 | ID: 8a255031bb7342e0 | 端点: 发送消息 | 方法: GET/POST
2025-11-08 14:58:02,688 - root - INFO - 成功保存消息，用户ID: 112169950281465857, 角色: user, 内容长度: 83
2025-11-08 14:58:03,878 - root - INFO - 成功保存消息，用户ID: 112169950281465857, 角色: assistant, 内容长度: 749
2025-11-08 15:02:16,368 - root - INFO - 请求开始 | ID: d8b4b8d9cb0444cf | 端点: 获取最新消息 | 方法: GET/POST
2025-11-08 15:02:35,823 - root - INFO - 请求开始 | ID: a268fbfcb94b4a78 | 端点: 发送消息 | 方法: GET/POST
2025-11-08 15:03:10,937 - root - INFO - 成功保存消息，用户ID: 112169950281465857, 角色: user, 内容长度: 83
2025-11-08 15:03:12,080 - root - INFO - 成功保存消息，用户ID: 112169950281465857, 角色: assistant, 内容长度: 995
2025-11-08 15:03:12,110 - root - INFO - 请求开始 | ID: 750b122532b34522 | 端点: 获取最新消息 | 方法: GET/POST
2025-11-08 15:03:12,210 - root - INFO - 请求开始 | ID: 9e3fe073da764721 | 端点: 发送消息 | 方法: GET/POST
2025-11-08 15:03:30,166 - root - INFO - 成功保存消息，用户ID: 112169950281465857, 角色: user, 内容长度: 82
2025-11-08 15:03:31,323 - root - INFO - 成功保存消息，用户ID: 112169950281465857, 角色: assistant, 内容长度: 712
2025-11-08 15:04:39,187 - root - INFO - 请求开始 | ID: f4d92610f28a49b8 | 端点: 获取最新消息 | 方法: GET/POST
2025-11-08 15:04:48,536 - root - INFO - 请求开始 | ID: a8276d72eb5e4726 | 端点: 获取最新消息 | 方法: GET/POST
2025-11-08 15:08:02,699 - root - INFO - 请求开始 | ID: 77921666b05b4169 | 端点: 获取最新消息 | 方法: GET/POST
2025-11-08 15:12:04,417 - root - INFO - 请求开始 | ID: 39a040f7a3a94b46 | 端点: 获取最新消息 | 方法: GET/POST
2025-11-08 15:12:23,855 - root - INFO - 请求开始 | ID: 1b393db5e9424f0f | 端点: 获取最新消息 | 方法: GET/POST
2025-11-08 15:12:45,188 - root - INFO - 大模型客户端初始化成功
2025-11-08 15:12:48,353 - root - INFO - 请求开始 | ID: 352606c02c54415c | 端点: 获取最新消息 | 方法: GET/POST
2025-11-08 15:26:01,434 - root - INFO - 大模型客户端初始化成功
2025-11-08 15:26:05,131 - root - INFO - 请求开始 | ID: 28f595709e3b4bfc | 端点: 获取最新消息 | 方法: GET/POST
2025-11-08 15:26:10,910 - root - INFO - 请求开始 | ID: 6930a83d72484f26 | 端点: 发送消息 | 方法: GET/POST
2025-11-08 15:26:23,164 - root - INFO - 成功保存消息，用户ID: 112169950281465857, 角色: user, 内容长度: 82
2025-11-08 15:26:24,290 - root - INFO - 成功保存消息，用户ID: 112169950281465857, 角色: assistant, 内容长度: 696
2025-11-08 15:26:30,135 - root - INFO - 请求开始 | ID: 29bd9ecead1c480f | 端点: 发送消息 | 方法: GET/POST
2025-11-08 15:26:44,503 - root - INFO - 成功保存消息，用户ID: 112169950281465857, 角色: user, 内容长度: 83
2025-11-08 15:26:45,635 - root - INFO - 成功保存消息，用户ID: 112169950281465857, 角色: assistant, 内容长度: 1088
2025-11-08 15:27:33,666 - root - INFO - 请求开始 | ID: 97893a86cce24f8a | 端点: 发送消息 | 方法: GET/POST
2025-11-08 15:27:46,027 - root - INFO - 成功保存消息，用户ID: 112169950281465857, 角色: user, 内容长度: 11
2025-11-08 15:27:47,158 - root - INFO - 成功保存消息，用户ID: 112169950281465857, 角色: assistant, 内容长度: 1442
2025-11-13 20:50:28,353 - root - INFO - 大模型客户端初始化成功
2025-11-13 20:52:02,320 - root - INFO - 请求开始 | ID: 36089df101c548cd | 端点: 用户登录 | 方法: GET/POST
2025-11-13 20:52:20,233 - root - INFO - 请求开始 | ID: 98fb716300614869 | 端点: 用户注册 | 方法: GET/POST
2025-11-13 20:52:28,593 - root - INFO - 请求开始 | ID: 75560e2478e84961 | 端点: 用户登录 | 方法: GET/POST
2025-11-13 20:52:30,145 - root - INFO - 请求开始 | ID: 3fb7ba815d9c4d7b | 端点: 获取最新消息 | 方法: GET/POST
2025-11-13 20:52:41,451 - root - INFO - 请求开始 | ID: 3266eaab6ae9420f | 端点: 发送消息 | 方法: GET/POST
2025-11-13 20:52:41,682 - root - INFO - 成功保存消息，用户ID: 114708931086909441, 角色: user, 内容长度: 82
2025-11-13 20:52:42,830 - root - INFO - 成功保存消息，用户ID: 114708931086909441, 角色: assistant, 内容长度: 229
2025-11-13 20:53:18,312 - root - INFO - 大模型客户端初始化成功
2025-11-13 20:53:25,572 - root - INFO - 请求开始 | ID: d8a9e3aa80f446bc | 端点: 发送消息 | 方法: GET/POST
2025-11-13 20:53:26,173 - root - INFO - 成功保存消息，用户ID: 114708931086909441, 角色: user, 内容长度: 82
2025-11-13 20:53:27,309 - root - INFO - 成功保存消息，用户ID: 114708931086909441, 角色: assistant, 内容长度: 229
2025-11-13 20:55:47,087 - root - INFO - 大模型客户端初始化成功
2025-11-13 20:58:11,636 - root - INFO - 请求开始 | ID: 78184c464e8b4215 | 端点: 发送消息 | 方法: GET/POST
2025-11-13 20:58:21,759 - root - INFO - 成功保存消息，用户ID: 114708931086909441, 角色: user, 内容长度: 82
2025-11-13 20:58:22,882 - root - INFO - 成功保存消息，用户ID: 114708931086909441, 角色: assistant, 内容长度: 432
2025-11-13 20:58:28,096 - root - INFO - 请求开始 | ID: bcf29145def34e9b | 端点: 发送消息 | 方法: GET/POST
2025-11-13 20:58:39,297 - root - INFO - 成功保存消息，用户ID: 114708931086909441, 角色: user, 内容长度: 83
2025-11-13 20:58:40,439 - root - INFO - 成功保存消息，用户ID: 114708931086909441, 角色: assistant, 内容长度: 615
2025-11-23 16:46:51,795 - root - INFO - 大模型客户端初始化成功
2025-11-23 16:48:50,612 - root - INFO - 请求开始 | ID: aa54c9c49f984a1a | 端点: 用户注册 | 方法: GET/POST
2025-11-23 16:48:58,400 - root - INFO - 请求开始 | ID: 7a4a9d1fe1bd40bc | 端点: 用户登录 | 方法: GET/POST
2025-11-23 16:48:59,730 - root - INFO - 请求开始 | ID: da49b675e3a04aa1 | 端点: 获取最新消息 | 方法: GET/POST
2025-11-23 17:29:38,874 - root - INFO - 大模型客户端初始化成功
2025-11-23 17:29:38,874 - artifact_recognition_service - ERROR - ❌ 初始化ERNIE客户端失败: __init__() got an unexpected keyword argument 'proxies'
2025-11-23 17:29:38,874 - root - INFO - 文物识别服务初始化成功
2025-11-23 17:29:45,310 - vector_db_service - INFO - ✓ 词嵌入模型加载成功
2025-11-23 17:29:45,311 - vector_db_service - WARNING - ❌ 向量数据库文件不存在
2025-11-23 17:29:45,311 - root - INFO - 向量数据库不存在，尝试自动构建...
2025-11-23 17:29:45,312 - root - WARNING - ⚠️  Excel文件不存在: ./故宫博物院数字文物库.xlsx
2025-11-23 17:29:45,312 - root - WARNING -    向量数据库功能将不可用，请确保Excel文件存在后再构建
2025-11-23 17:29:45,312 - root - WARNING -    构建方法：调用 API 接口 POST /api/vector-db/build
2025-11-23 17:31:47,775 - root - INFO - 大模型客户端初始化成功
2025-11-23 17:31:47,775 - artifact_recognition_service - ERROR - ❌ 初始化ERNIE客户端失败: __init__() got an unexpected keyword argument 'proxies'
2025-11-23 17:31:47,775 - root - INFO - 文物识别服务初始化成功
